
 /----------------------------------------------------------------------------\
 |  yosys -- Yosys Open SYnthesis Suite                                       |
 |  Copyright (C) 2012 - 2024  Claire Xenia Wolf <claire@yosyshq.com>         |
 |  Distributed under an ISC-like license, type "license" to see terms        |
 \----------------------------------------------------------------------------/
 Yosys 0.46 (git sha1 e97731b9dda91fa5fa53ed87df7c34163ba59a41, clang++ 17.0.6 -fPIC -O3)
Loaded SDC plugin

1. Executing Liberty frontend: /home/chinmaya24163/.volare/volare/sky130/versions/6d4d11780c40b20ee63cc98e645307a9bf2b2ab8/sky130A/libs.ref/sky130_fd_sc_hd/lib/sky130_fd_sc_hd__tt_025C_1v80.lib
Imported 428 cell types from liberty file.

2. Executing Liberty frontend: /home/chinmaya24163/MixedSignal_Task1/reproduction/design_mux/AMUX2_3V.lib
Imported 1 cell types from liberty file.
[INFO] Using SDC file '/home/chinmaya24163/MixedSignal_Task1/reproduction/design_mux/runs/RUN_2026-06-14_12-25-22/06-yosys-synthesis/synthesis.abc.sdc' for ABC…

3. Executing Verilog-2005 frontend: /home/chinmaya24163/MixedSignal_Task1/reproduction/design_mux/design_mux.v
Parsing SystemVerilog input from `/home/chinmaya24163/MixedSignal_Task1/reproduction/design_mux/design_mux.v' to AST representation.
Storing AST representation for module `$abstract\design_mux'.
Successfully finished Verilog frontend.

4. Executing Verilog-2005 frontend: /home/chinmaya24163/MixedSignal_Task1/reproduction/design_mux/raven_spi.v
Parsing SystemVerilog input from `/home/chinmaya24163/MixedSignal_Task1/reproduction/design_mux/raven_spi.v' to AST representation.
Storing AST representation for module `$abstract\spi_slave'.
Storing AST representation for module `$abstract\raven_spi'.
Successfully finished Verilog frontend.

5. Executing HIERARCHY pass (managing design hierarchy).

6. Executing AST frontend in derive mode using pre-parsed AST for module `\design_mux'.
Generating RTLIL representation for module `\design_mux'.

6.1. Analyzing design hierarchy..
Top module:  \design_mux

6.2. Executing AST frontend in derive mode using pre-parsed AST for module `\raven_spi'.
Generating RTLIL representation for module `\raven_spi'.

6.3. Analyzing design hierarchy..
Top module:  \design_mux
Used module:     \raven_spi

6.4. Executing AST frontend in derive mode using pre-parsed AST for module `\spi_slave'.
Generating RTLIL representation for module `\spi_slave'.

6.5. Analyzing design hierarchy..
Top module:  \design_mux
Used module:     \raven_spi
Used module:         \spi_slave

6.6. Analyzing design hierarchy..
Top module:  \design_mux
Used module:     \raven_spi
Used module:         \spi_slave
Removing unused module `$abstract\raven_spi'.
Removing unused module `$abstract\spi_slave'.
Removing unused module `$abstract\design_mux'.
Removed 3 unused modules.
Renaming module design_mux to design_mux.

7. Generating Graphviz representation of design.
Writing dot description to `/home/chinmaya24163/MixedSignal_Task1/reproduction/design_mux/runs/RUN_2026-06-14_12-25-22/06-yosys-synthesis/hierarchy.dot'.
Dumping module design_mux to page 1.

8. Executing TRIBUF pass.

9. Executing HIERARCHY pass (managing design hierarchy).

9.1. Analyzing design hierarchy..
Top module:  \design_mux
Used module:     \raven_spi
Used module:         \spi_slave

9.2. Analyzing design hierarchy..
Top module:  \design_mux
Used module:     \raven_spi
Used module:         \spi_slave
Removed 0 unused modules.

10. Executing PROC_CLEAN pass (remove empty switches from decision trees).
Cleaned up 0 empty switches.

11. Executing PROC_RMDEAD pass (remove dead branches from decision trees).
Marked 1 switch rules as full_case in process $proc$/home/chinmaya24163/MixedSignal_Task1/reproduction/design_mux/raven_spi.v:124$19 in module raven_spi.
Marked 10 switch rules as full_case in process $proc$spi_slave.v:124$31 in module spi_slave.
Marked 5 switch rules as full_case in process $proc$spi_slave.v:85$24 in module spi_slave.
Removed a total of 0 dead cases.

12. Executing PROC_PRUNE pass (remove redundant assignments in processes).
Removed 1 redundant assignment.
Promoted 0 assignments to connections.

13. Executing PROC_INIT pass (extract init attributes).

14. Executing PROC_ARST pass (detect async resets in processes).
Found async reset \RST in `\raven_spi.$proc$/home/chinmaya24163/MixedSignal_Task1/reproduction/design_mux/raven_spi.v:124$19'.
Found async reset \CSB in `\spi_slave.$proc$spi_slave.v:124$31'.
Found async reset \CSB in `\spi_slave.$proc$spi_slave.v:85$24'.

15. Executing PROC_ROM pass (convert switches to ROMs).
Converted 0 switches.
<suppressed ~19 debug messages>

16. Executing PROC_MUX pass (convert decision trees to multiplexers).
Creating decoders for process `\raven_spi.$proc$/home/chinmaya24163/MixedSignal_Task1/reproduction/design_mux/raven_spi.v:124$19'.
     1/9: $0\reset[0:0]
     2/9: $0\irq[0:0]
     3/9: $0\pll_bypass[0:0]
     4/9: $0\pll_trim[3:0]
     5/9: $0\pll_bias_ena[0:0]
     6/9: $0\pll_cp_ena[0:0]
     7/9: $0\pll_vco_ena[0:0]
     8/9: $0\reg_ena[0:0]
     9/9: $0\xtal_ena[0:0]
Creating decoders for process `\spi_slave.$proc$spi_slave.v:124$31'.
     1/8: $0\predata[6:0]
     2/8: $0\fixed[2:0]
     3/8: $0\readmode[0:0]
     4/8: $0\writemode[0:0]
     5/8: $0\count[2:0]
     6/8: $0\state[1:0]
     7/8: $0\addr[7:0]
     8/8: $0\rdstb[0:0]
Creating decoders for process `\spi_slave.$proc$spi_slave.v:85$24'.
     1/3: $0\sdoenb[0:0]
     2/3: $0\ldata[7:0]
     3/3: $0\wrstb[0:0]

17. Executing PROC_DLATCH pass (convert process syncs to latches).

18. Executing PROC_DFF pass (convert process syncs to FFs).
Creating register for signal `\raven_spi.\xtal_ena' using process `\raven_spi.$proc$/home/chinmaya24163/MixedSignal_Task1/reproduction/design_mux/raven_spi.v:124$19'.
  created $adff cell `$procdff$244' with positive edge clock and positive level reset.
Creating register for signal `\raven_spi.\reg_ena' using process `\raven_spi.$proc$/home/chinmaya24163/MixedSignal_Task1/reproduction/design_mux/raven_spi.v:124$19'.
  created $adff cell `$procdff$247' with positive edge clock and positive level reset.
Creating register for signal `\raven_spi.\pll_vco_ena' using process `\raven_spi.$proc$/home/chinmaya24163/MixedSignal_Task1/reproduction/design_mux/raven_spi.v:124$19'.
  created $adff cell `$procdff$250' with positive edge clock and positive level reset.
Creating register for signal `\raven_spi.\pll_cp_ena' using process `\raven_spi.$proc$/home/chinmaya24163/MixedSignal_Task1/reproduction/design_mux/raven_spi.v:124$19'.
  created $adff cell `$procdff$253' with positive edge clock and positive level reset.
Creating register for signal `\raven_spi.\pll_bias_ena' using process `\raven_spi.$proc$/home/chinmaya24163/MixedSignal_Task1/reproduction/design_mux/raven_spi.v:124$19'.
  created $adff cell `$procdff$256' with positive edge clock and positive level reset.
Creating register for signal `\raven_spi.\pll_trim' using process `\raven_spi.$proc$/home/chinmaya24163/MixedSignal_Task1/reproduction/design_mux/raven_spi.v:124$19'.
  created $adff cell `$procdff$259' with positive edge clock and positive level reset.
Creating register for signal `\raven_spi.\pll_bypass' using process `\raven_spi.$proc$/home/chinmaya24163/MixedSignal_Task1/reproduction/design_mux/raven_spi.v:124$19'.
  created $adff cell `$procdff$262' with positive edge clock and positive level reset.
Creating register for signal `\raven_spi.\irq' using process `\raven_spi.$proc$/home/chinmaya24163/MixedSignal_Task1/reproduction/design_mux/raven_spi.v:124$19'.
  created $adff cell `$procdff$265' with positive edge clock and positive level reset.
Creating register for signal `\raven_spi.\reset' using process `\raven_spi.$proc$/home/chinmaya24163/MixedSignal_Task1/reproduction/design_mux/raven_spi.v:124$19'.
  created $adff cell `$procdff$268' with positive edge clock and positive level reset.
Creating register for signal `\spi_slave.\rdstb' using process `\spi_slave.$proc$spi_slave.v:124$31'.
  created $adff cell `$procdff$271' with positive edge clock and positive level reset.
Creating register for signal `\spi_slave.\addr' using process `\spi_slave.$proc$spi_slave.v:124$31'.
  created $adff cell `$procdff$274' with positive edge clock and positive level reset.
Creating register for signal `\spi_slave.\state' using process `\spi_slave.$proc$spi_slave.v:124$31'.
  created $adff cell `$procdff$277' with positive edge clock and positive level reset.
Creating register for signal `\spi_slave.\count' using process `\spi_slave.$proc$spi_slave.v:124$31'.
  created $adff cell `$procdff$280' with positive edge clock and positive level reset.
Creating register for signal `\spi_slave.\writemode' using process `\spi_slave.$proc$spi_slave.v:124$31'.
  created $adff cell `$procdff$283' with positive edge clock and positive level reset.
Creating register for signal `\spi_slave.\readmode' using process `\spi_slave.$proc$spi_slave.v:124$31'.
  created $adff cell `$procdff$286' with positive edge clock and positive level reset.
Creating register for signal `\spi_slave.\fixed' using process `\spi_slave.$proc$spi_slave.v:124$31'.
  created $adff cell `$procdff$289' with positive edge clock and positive level reset.
Creating register for signal `\spi_slave.\predata' using process `\spi_slave.$proc$spi_slave.v:124$31'.
  created $adff cell `$procdff$292' with positive edge clock and positive level reset.
Creating register for signal `\spi_slave.\wrstb' using process `\spi_slave.$proc$spi_slave.v:85$24'.
  created $adff cell `$procdff$295' with negative edge clock and positive level reset.
Creating register for signal `\spi_slave.\sdoenb' using process `\spi_slave.$proc$spi_slave.v:85$24'.
  created $adff cell `$procdff$298' with negative edge clock and positive level reset.
Creating register for signal `\spi_slave.\ldata' using process `\spi_slave.$proc$spi_slave.v:85$24'.
  created $adff cell `$procdff$301' with negative edge clock and positive level reset.

19. Executing PROC_MEMWR pass (convert process memory writes to cells).

20. Executing PROC_CLEAN pass (remove empty switches from decision trees).
Found and cleaned up 2 empty switches in `\raven_spi.$proc$/home/chinmaya24163/MixedSignal_Task1/reproduction/design_mux/raven_spi.v:124$19'.
Removing empty process `raven_spi.$proc$/home/chinmaya24163/MixedSignal_Task1/reproduction/design_mux/raven_spi.v:124$19'.
Found and cleaned up 12 empty switches in `\spi_slave.$proc$spi_slave.v:124$31'.
Removing empty process `spi_slave.$proc$spi_slave.v:124$31'.
Found and cleaned up 5 empty switches in `\spi_slave.$proc$spi_slave.v:85$24'.
Removing empty process `spi_slave.$proc$spi_slave.v:85$24'.
Cleaned up 19 empty switches.

21. Executing CHECK pass (checking for obvious problems).
Checking module design_mux...
Checking module raven_spi...
Checking module spi_slave...
Found and reported 0 problems.

22. Executing OPT_EXPR pass (perform const folding).
Optimizing module design_mux.
Optimizing module raven_spi.
<suppressed ~12 debug messages>
Optimizing module spi_slave.
<suppressed ~20 debug messages>

23. Executing FLATTEN pass (flatten design).
Deleting now unused module raven_spi.
Deleting now unused module spi_slave.
<suppressed ~2 debug messages>

24. Executing OPT_EXPR pass (perform const folding).
Optimizing module design_mux.

25. Executing OPT_CLEAN pass (remove unused cells and wires).
Finding unused cells or wires in module \design_mux..
Removed 11 unused cells and 115 unused wires.
<suppressed ~12 debug messages>

26. Executing OPT_EXPR pass (perform const folding).
Optimizing module design_mux.

27. Executing OPT_MERGE pass (detect identical cells).
Finding identical cells in module `\design_mux'.
<suppressed ~51 debug messages>
Removed a total of 17 cells.

28. Executing OPT_MUXTREE pass (detect dead branches in mux trees).
Running muxtree optimizer on module \design_mux..
  Creating internal representation of mux trees.
  Evaluating internal representation of mux trees.
  Analyzing evaluation results.
Removed 0 multiplexer ports.
<suppressed ~18 debug messages>

29. Executing OPT_REDUCE pass (consolidate $*mux and $reduce_* inputs).
  Optimizing cells in module \design_mux.
  Optimizing cells in module \design_mux.
Performed a total of 1 changes.

30. Executing OPT_MERGE pass (detect identical cells).
Finding identical cells in module `\design_mux'.
Removed a total of 0 cells.

31. Executing OPT_DFF pass (perform DFF optimizations).

32. Executing OPT_CLEAN pass (remove unused cells and wires).
Finding unused cells or wires in module \design_mux..
Removed 0 unused cells and 25 unused wires.
<suppressed ~8 debug messages>

33. Executing OPT_EXPR pass (perform const folding).
Optimizing module design_mux.

34. Rerunning OPT passes. (Maybe there is more to do…)

35. Executing OPT_MUXTREE pass (detect dead branches in mux trees).
Running muxtree optimizer on module \design_mux..
  Creating internal representation of mux trees.
  Evaluating internal representation of mux trees.
  Analyzing evaluation results.
Removed 0 multiplexer ports.
<suppressed ~18 debug messages>

36. Executing OPT_REDUCE pass (consolidate $*mux and $reduce_* inputs).
  Optimizing cells in module \design_mux.
Performed a total of 0 changes.

37. Executing OPT_MERGE pass (detect identical cells).
Finding identical cells in module `\design_mux'.
Removed a total of 0 cells.

38. Executing OPT_DFF pass (perform DFF optimizations).

39. Executing OPT_CLEAN pass (remove unused cells and wires).
Finding unused cells or wires in module \design_mux..

40. Executing OPT_EXPR pass (perform const folding).
Optimizing module design_mux.

41. Executing FSM pass (extract and optimize FSM).

41.1. Executing FSM_DETECT pass (finding FSMs in design).
Found FSM state register design_mux.raven_spi.U1.state.

41.2. Executing FSM_EXTRACT pass (extracting FSM from design).
Extracting FSM `\raven_spi.U1.state' from module `\design_mux'.
  found $adff cell for state register: $flatten\raven_spi.\U1.$procdff$277
  root of input selection tree: $flatten\raven_spi.\U1.$0\state[1:0]
  found reset state: 2'00 (from async reset)
  found ctrl input: $flatten\raven_spi.\U1.$eq$spi_slave.v:137$33_Y
  found ctrl input: $flatten\raven_spi.\U1.$eq$spi_slave.v:149$39_Y
  found ctrl input: $flatten\raven_spi.\U1.$eq$spi_slave.v:160$43_Y
  found ctrl input: $flatten\raven_spi.\U1.$eq$spi_slave.v:110$29_Y
  found ctrl input: $flatten\raven_spi.\U1.$eq$spi_slave.v:164$46_Y
  found state code: 2'10
  found ctrl input: $flatten\raven_spi.\U1.$eq$spi_slave.v:140$35_Y
  found ctrl input: $flatten\raven_spi.\U1.$eq$spi_slave.v:142$36_Y
  found ctrl input: $flatten\raven_spi.\U1.$lt$spi_slave.v:144$37_Y
  found state code: 2'01
  found ctrl output: $flatten\raven_spi.\U1.$eq$spi_slave.v:137$33_Y
  found ctrl output: $flatten\raven_spi.\U1.$eq$spi_slave.v:149$39_Y
  found ctrl output: $flatten\raven_spi.\U1.$eq$spi_slave.v:160$43_Y
  ctrl inputs: { $flatten\raven_spi.\U1.$eq$spi_slave.v:164$46_Y $flatten\raven_spi.\U1.$lt$spi_slave.v:144$37_Y $flatten\raven_spi.\U1.$eq$spi_slave.v:142$36_Y $flatten\raven_spi.\U1.$eq$spi_slave.v:140$35_Y $flatten\raven_spi.\U1.$eq$spi_slave.v:110$29_Y }
  ctrl outputs: { $flatten\raven_spi.\U1.$eq$spi_slave.v:160$43_Y $flatten\raven_spi.\U1.$eq$spi_slave.v:149$39_Y $flatten\raven_spi.\U1.$eq$spi_slave.v:137$33_Y $flatten\raven_spi.\U1.$0\state[1:0] }
  transition:       2'00 5'-0000 ->       2'00 5'00100
  transition:       2'00 5'-0001 ->       2'01 5'00101
  transition:       2'00 5'-100- ->       2'00 5'00100
  transition:       2'00 5'--10- ->       2'00 5'00100
  transition:       2'00 5'---1- ->       2'00 5'00100
  transition:       2'10 5'----0 ->       2'10 5'10010
  transition:       2'10 5'0---1 ->       2'10 5'10010
  transition:       2'10 5'1---1 ->       2'00 5'10000
  transition:       2'01 5'----0 ->       2'01 5'01001
  transition:       2'01 5'----1 ->       2'10 5'01010

41.3. Executing FSM_OPT pass (simple optimizations of FSMs).
Optimizing FSM `$fsm$\raven_spi.U1.state$304' from module `\design_mux'.

41.4. Executing OPT_CLEAN pass (remove unused cells and wires).
Finding unused cells or wires in module \design_mux..
Removed 14 unused cells and 14 unused wires.
<suppressed ~15 debug messages>

41.5. Executing FSM_OPT pass (simple optimizations of FSMs).
Optimizing FSM `$fsm$\raven_spi.U1.state$304' from module `\design_mux'.
  Removing unused output signal $flatten\raven_spi.\U1.$0\state[1:0] [0].
  Removing unused output signal $flatten\raven_spi.\U1.$0\state[1:0] [1].

41.6. Executing FSM_RECODE pass (re-assigning FSM state encoding).
Recoding FSM `$fsm$\raven_spi.U1.state$304' from module `\design_mux' using `auto' encoding:
  mapping auto encoding to `one-hot` for this FSM.
  00 -> --1
  10 -> -1-
  01 -> 1--

41.7. Executing FSM_INFO pass (dumping all available information on FSM cells).

FSM `$fsm$\raven_spi.U1.state$304' from module `design_mux':
-------------------------------------

  Information on FSM $fsm$\raven_spi.U1.state$304 (\raven_spi.U1.state):

  Number of input signals:    5
  Number of output signals:   3
  Number of state bits:       3

  Input signals:
    0: $flatten\raven_spi.\U1.$eq$spi_slave.v:110$29_Y
    1: $flatten\raven_spi.\U1.$eq$spi_slave.v:140$35_Y
    2: $flatten\raven_spi.\U1.$eq$spi_slave.v:142$36_Y
    3: $flatten\raven_spi.\U1.$lt$spi_slave.v:144$37_Y
    4: $flatten\raven_spi.\U1.$eq$spi_slave.v:164$46_Y

  Output signals:
    0: $flatten\raven_spi.\U1.$eq$spi_slave.v:137$33_Y
    1: $flatten\raven_spi.\U1.$eq$spi_slave.v:149$39_Y
    2: $flatten\raven_spi.\U1.$eq$spi_slave.v:160$43_Y

  State encoding:
    0:      3'--1  <RESET STATE>
    1:      3'-1-
    2:      3'1--

  Transition Table (state_in, ctrl_in, state_out, ctrl_out):
      0:     0 5'-0000   ->     0 3'001
      1:     0 5'-100-   ->     0 3'001
      2:     0 5'--10-   ->     0 3'001
      3:     0 5'---1-   ->     0 3'001
      4:     0 5'-0001   ->     2 3'001
      5:     1 5'1---1   ->     0 3'100
      6:     1 5'----0   ->     1 3'100
      7:     1 5'0---1   ->     1 3'100
      8:     2 5'----1   ->     1 3'010
      9:     2 5'----0   ->     2 3'010

-------------------------------------

41.8. Executing FSM_MAP pass (mapping FSMs to basic logic).
Mapping FSM `$fsm$\raven_spi.U1.state$304' from module `\design_mux'.

42. Executing OPT_EXPR pass (perform const folding).
Optimizing module design_mux.
<suppressed ~5 debug messages>

43. Executing OPT_MERGE pass (detect identical cells).
Finding identical cells in module `\design_mux'.
<suppressed ~3 debug messages>
Removed a total of 1 cells.

44. Executing OPT_MUXTREE pass (detect dead branches in mux trees).
Running muxtree optimizer on module \design_mux..
  Creating internal representation of mux trees.
  Evaluating internal representation of mux trees.
  Analyzing evaluation results.
Removed 0 multiplexer ports.
<suppressed ~17 debug messages>

45. Executing OPT_REDUCE pass (consolidate $*mux and $reduce_* inputs).
  Optimizing cells in module \design_mux.
Performed a total of 0 changes.

46. Executing OPT_MERGE pass (detect identical cells).
Finding identical cells in module `\design_mux'.
Removed a total of 0 cells.

47. Executing OPT_DFF pass (perform DFF optimizations).
Adding EN signal on $flatten\raven_spi.\U1.$procdff$301 ($adff) from module design_mux (D = $flatten\raven_spi.\U1.$procmux$228_Y, Q = \raven_spi.U1.ldata).
Adding EN signal on $flatten\raven_spi.\U1.$procdff$295 ($adff) from module design_mux (D = $flatten\raven_spi.\U1.$0\wrstb[0:0], Q = \raven_spi.U1.wrstb).
Adding EN signal on $flatten\raven_spi.\U1.$procdff$292 ($adff) from module design_mux (D = { \raven_spi.U1.predata [5:0] \SDI }, Q = \raven_spi.U1.predata).
Adding EN signal on $flatten\raven_spi.\U1.$procdff$289 ($adff) from module design_mux (D = $flatten\raven_spi.\U1.$0\fixed[2:0], Q = \raven_spi.U1.fixed).
Adding EN signal on $flatten\raven_spi.\U1.$procdff$286 ($adff) from module design_mux (D = \SDI, Q = \raven_spi.U1.readmode).
Adding EN signal on $flatten\raven_spi.\U1.$procdff$283 ($adff) from module design_mux (D = \SDI, Q = \raven_spi.U1.writemode).
Adding EN signal on $flatten\raven_spi.\U1.$procdff$280 ($adff) from module design_mux (D = $flatten\raven_spi.\U1.$0\count[2:0], Q = \raven_spi.U1.count).
Adding EN signal on $flatten\raven_spi.\U1.$procdff$274 ($adff) from module design_mux (D = $flatten\raven_spi.\U1.$procmux$198_Y, Q = \raven_spi.U1.addr).
Adding EN signal on $flatten\raven_spi.$procdff$268 ($adff) from module design_mux (D = \SDI, Q = \raven_spi.reset).
Adding EN signal on $flatten\raven_spi.$procdff$265 ($adff) from module design_mux (D = \SDI, Q = \raven_spi.irq).
Adding EN signal on $flatten\raven_spi.$procdff$262 ($adff) from module design_mux (D = \SDI, Q = \raven_spi.pll_bypass).
Adding EN signal on $flatten\raven_spi.$procdff$259 ($adff) from module design_mux (D = \raven_spi.U1.predata [6:3], Q = \raven_spi.pll_trim).
Adding EN signal on $flatten\raven_spi.$procdff$253 ($adff) from module design_mux (D = \raven_spi.U1.predata [2], Q = \raven_spi.pll_cp_ena).
Adding EN signal on $flatten\raven_spi.$procdff$250 ($adff) from module design_mux (D = \raven_spi.U1.predata [1], Q = \raven_spi.pll_vco_ena).
Adding EN signal on $flatten\raven_spi.$procdff$247 ($adff) from module design_mux (D = \raven_spi.U1.predata [0], Q = \raven_spi.reg_ena).
Adding EN signal on $flatten\raven_spi.$procdff$244 ($adff) from module design_mux (D = \SDI, Q = \raven_spi.xtal_ena).

48. Executing OPT_CLEAN pass (remove unused cells and wires).
Finding unused cells or wires in module \design_mux..
Removed 27 unused cells and 36 unused wires.
<suppressed ~28 debug messages>

49. Executing OPT_EXPR pass (perform const folding).
Optimizing module design_mux.
<suppressed ~3 debug messages>

50. Rerunning OPT passes. (Maybe there is more to do…)

51. Executing OPT_MUXTREE pass (detect dead branches in mux trees).
Running muxtree optimizer on module \design_mux..
  Creating internal representation of mux trees.
  Evaluating internal representation of mux trees.
  Analyzing evaluation results.
Removed 0 multiplexer ports.
<suppressed ~6 debug messages>

52. Executing OPT_REDUCE pass (consolidate $*mux and $reduce_* inputs).
  Optimizing cells in module \design_mux.
Performed a total of 0 changes.

53. Executing OPT_MERGE pass (detect identical cells).
Finding identical cells in module `\design_mux'.
<suppressed ~18 debug messages>
Removed a total of 6 cells.

54. Executing OPT_DFF pass (perform DFF optimizations).

55. Executing OPT_CLEAN pass (remove unused cells and wires).
Finding unused cells or wires in module \design_mux..
Removed 0 unused cells and 6 unused wires.
<suppressed ~1 debug messages>

56. Executing OPT_EXPR pass (perform const folding).
Optimizing module design_mux.

57. Rerunning OPT passes. (Maybe there is more to do…)

58. Executing OPT_MUXTREE pass (detect dead branches in mux trees).
Running muxtree optimizer on module \design_mux..
  Creating internal representation of mux trees.
  Evaluating internal representation of mux trees.
  Analyzing evaluation results.
Removed 0 multiplexer ports.
<suppressed ~6 debug messages>

59. Executing OPT_REDUCE pass (consolidate $*mux and $reduce_* inputs).
  Optimizing cells in module \design_mux.
Performed a total of 0 changes.

60. Executing OPT_MERGE pass (detect identical cells).
Finding identical cells in module `\design_mux'.
Removed a total of 0 cells.

61. Executing OPT_DFF pass (perform DFF optimizations).

62. Executing OPT_CLEAN pass (remove unused cells and wires).
Finding unused cells or wires in module \design_mux..

63. Executing OPT_EXPR pass (perform const folding).
Optimizing module design_mux.

64. Executing WREDUCE pass (reducing word size of cells).
Removed top 3 bits (of 4) from port B of cell design_mux.$auto$fsm_map.cc:77:implement_pattern_cache$352 ($eq).
Removed top 1 bits (of 4) from port B of cell design_mux.$auto$opt_dff.cc:195:make_patterns_logic$403 ($ne).
Removed top 1 bits (of 3) from port B of cell design_mux.$auto$opt_dff.cc:195:make_patterns_logic$401 ($ne).
Removed top 1 bits (of 2) from port B of cell design_mux.$auto$fsm_map.cc:77:implement_pattern_cache$339 ($eq).
Removed top 31 bits (of 32) from port B of cell design_mux.$flatten\raven_spi.\U1.$add$spi_slave.v:139$34 ($add).
Removed top 29 bits (of 32) from port Y of cell design_mux.$flatten\raven_spi.\U1.$add$spi_slave.v:139$34 ($add).
Removed top 2 bits (of 3) from port B of cell design_mux.$flatten\raven_spi.\U1.$eq$spi_slave.v:142$36 ($eq).
Removed top 1 bits (of 4) from port B of cell design_mux.$auto$opt_dff.cc:195:make_patterns_logic$371 ($ne).
Removed top 2 bits (of 3) from port B of cell design_mux.$flatten\raven_spi.\U1.$eq$spi_slave.v:164$46 ($eq).
Removed top 31 bits (of 32) from port B of cell design_mux.$flatten\raven_spi.\U1.$sub$spi_slave.v:167$48 ($sub).
Removed top 29 bits (of 32) from port Y of cell design_mux.$flatten\raven_spi.\U1.$sub$spi_slave.v:167$48 ($sub).
Removed top 31 bits (of 32) from port B of cell design_mux.$flatten\raven_spi.\U1.$add$spi_slave.v:168$49 ($add).
Removed top 24 bits (of 32) from port Y of cell design_mux.$flatten\raven_spi.\U1.$add$spi_slave.v:168$49 ($add).
Removed top 1 bits (of 6) from port B of cell design_mux.$auto$opt_dff.cc:195:make_patterns_logic$373 ($ne).
Removed top 1 bits (of 5) from port B of cell design_mux.$auto$opt_dff.cc:195:make_patterns_logic$375 ($ne).
Removed top 7 bits (of 8) from mux cell design_mux.$flatten\raven_spi.$ternary$/home/chinmaya24163/MixedSignal_Task1/reproduction/design_mux/raven_spi.v:119$10 ($mux).
Removed top 4 bits (of 8) from port B of cell design_mux.$flatten\raven_spi.$eq$/home/chinmaya24163/MixedSignal_Task1/reproduction/design_mux/raven_spi.v:119$9 ($eq).
Removed top 5 bits (of 8) from port B of cell design_mux.$flatten\raven_spi.$eq$/home/chinmaya24163/MixedSignal_Task1/reproduction/design_mux/raven_spi.v:118$8 ($eq).
Removed top 5 bits (of 8) from port B of cell design_mux.$flatten\raven_spi.$eq$/home/chinmaya24163/MixedSignal_Task1/reproduction/design_mux/raven_spi.v:117$7 ($eq).
Removed top 5 bits (of 8) from port B of cell design_mux.$flatten\raven_spi.$eq$/home/chinmaya24163/MixedSignal_Task1/reproduction/design_mux/raven_spi.v:116$6 ($eq).
Removed top 5 bits (of 8) from port B of cell design_mux.$flatten\raven_spi.$eq$/home/chinmaya24163/MixedSignal_Task1/reproduction/design_mux/raven_spi.v:115$5 ($eq).
Removed top 6 bits (of 8) from port B of cell design_mux.$flatten\raven_spi.$eq$/home/chinmaya24163/MixedSignal_Task1/reproduction/design_mux/raven_spi.v:114$4 ($eq).
Removed top 6 bits (of 8) from port B of cell design_mux.$flatten\raven_spi.$eq$/home/chinmaya24163/MixedSignal_Task1/reproduction/design_mux/raven_spi.v:113$3 ($eq).
Removed top 7 bits (of 8) from port B of cell design_mux.$flatten\raven_spi.$eq$/home/chinmaya24163/MixedSignal_Task1/reproduction/design_mux/raven_spi.v:112$2 ($eq).
Removed top 7 bits (of 8) from wire design_mux.$flatten\raven_spi.$ternary$/home/chinmaya24163/MixedSignal_Task1/reproduction/design_mux/raven_spi.v:119$10_Y.
Removed top 29 bits (of 32) from wire design_mux.$flatten\raven_spi.\U1.$add$spi_slave.v:139$34_Y.

65. Executing PEEPOPT pass (run peephole optimizers).

66. Executing OPT_CLEAN pass (remove unused cells and wires).
Finding unused cells or wires in module \design_mux..
Removed 0 unused cells and 2 unused wires.
<suppressed ~1 debug messages>

67. Executing ALUMACC pass (create $alu and $macc cells).
Extracting $alu and $macc cells in module design_mux:
  creating $macc model for $flatten\raven_spi.\U1.$add$spi_slave.v:139$34 ($add).
  creating $macc model for $flatten\raven_spi.\U1.$add$spi_slave.v:168$49 ($add).
  creating $macc model for $flatten\raven_spi.\U1.$sub$spi_slave.v:167$48 ($sub).
  creating $alu model for $macc $flatten\raven_spi.\U1.$sub$spi_slave.v:167$48.
  creating $alu model for $macc $flatten\raven_spi.\U1.$add$spi_slave.v:168$49.
  creating $alu model for $macc $flatten\raven_spi.\U1.$add$spi_slave.v:139$34.
  creating $alu model for $flatten\raven_spi.\U1.$lt$spi_slave.v:144$37 ($lt): new $alu
  creating $alu cell for $flatten\raven_spi.\U1.$lt$spi_slave.v:144$37: $auto$alumacc.cc:485:replace_alu$437
  creating $alu cell for $flatten\raven_spi.\U1.$add$spi_slave.v:139$34: $auto$alumacc.cc:485:replace_alu$442
  creating $alu cell for $flatten\raven_spi.\U1.$add$spi_slave.v:168$49: $auto$alumacc.cc:485:replace_alu$445
  creating $alu cell for $flatten\raven_spi.\U1.$sub$spi_slave.v:167$48: $auto$alumacc.cc:485:replace_alu$448
  created 4 $alu and 0 $macc cells.

68. Executing SHARE pass (SAT-based resource sharing).

69. Executing OPT_EXPR pass (perform const folding).
Optimizing module design_mux.
<suppressed ~1 debug messages>

70. Executing OPT_MERGE pass (detect identical cells).
Finding identical cells in module `\design_mux'.
Removed a total of 0 cells.

71. Executing OPT_MUXTREE pass (detect dead branches in mux trees).
Running muxtree optimizer on module \design_mux..
  Creating internal representation of mux trees.
  Evaluating internal representation of mux trees.
  Analyzing evaluation results.
Removed 0 multiplexer ports.
<suppressed ~6 debug messages>

72. Executing OPT_REDUCE pass (consolidate $*mux and $reduce_* inputs).
  Optimizing cells in module \design_mux.
Performed a total of 0 changes.

73. Executing OPT_MERGE pass (detect identical cells).
Finding identical cells in module `\design_mux'.
Removed a total of 0 cells.

74. Executing OPT_DFF pass (perform DFF optimizations).

75. Executing OPT_CLEAN pass (remove unused cells and wires).
Finding unused cells or wires in module \design_mux..
Removed 0 unused cells and 1 unused wires.
<suppressed ~1 debug messages>

76. Executing OPT_EXPR pass (perform const folding).
Optimizing module design_mux.

77. Rerunning OPT passes. (Maybe there is more to do…)

78. Executing OPT_MUXTREE pass (detect dead branches in mux trees).
Running muxtree optimizer on module \design_mux..
  Creating internal representation of mux trees.
  Evaluating internal representation of mux trees.
  Analyzing evaluation results.
Removed 0 multiplexer ports.
<suppressed ~6 debug messages>

79. Executing OPT_REDUCE pass (consolidate $*mux and $reduce_* inputs).
  Optimizing cells in module \design_mux.
Performed a total of 0 changes.

80. Executing OPT_MERGE pass (detect identical cells).
Finding identical cells in module `\design_mux'.
Removed a total of 0 cells.

81. Executing OPT_DFF pass (perform DFF optimizations).

82. Executing OPT_CLEAN pass (remove unused cells and wires).
Finding unused cells or wires in module \design_mux..

83. Executing OPT_EXPR pass (perform const folding).
Optimizing module design_mux.

84. Executing MEMORY pass.

84.1. Executing OPT_MEM pass (optimize memories).
Performed a total of 0 transformations.

84.2. Executing OPT_MEM_PRIORITY pass (removing unnecessary memory write priority relations).
Performed a total of 0 transformations.

84.3. Executing OPT_MEM_FEEDBACK pass (finding memory read-to-write feedback paths).

84.4. Executing MEMORY_BMUX2ROM pass (converting muxes to ROMs).

84.5. Executing MEMORY_DFF pass (merging $dff cells to $memrd).

84.6. Executing OPT_CLEAN pass (remove unused cells and wires).
Finding unused cells or wires in module \design_mux..

84.7. Executing MEMORY_SHARE pass (consolidating $memrd/$memwr cells).

84.8. Executing OPT_MEM_WIDEN pass (optimize memories where all ports are wide).
Performed a total of 0 transformations.

84.9. Executing OPT_CLEAN pass (remove unused cells and wires).
Finding unused cells or wires in module \design_mux..

84.10. Executing MEMORY_COLLECT pass (generating $mem cells).

85. Executing OPT_CLEAN pass (remove unused cells and wires).
Finding unused cells or wires in module \design_mux..

86. Executing OPT_EXPR pass (perform const folding).
Optimizing module design_mux.
<suppressed ~19 debug messages>

87. Executing OPT_MERGE pass (detect identical cells).
Finding identical cells in module `\design_mux'.
Removed a total of 0 cells.

88. Executing OPT_DFF pass (perform DFF optimizations).

89. Executing OPT_CLEAN pass (remove unused cells and wires).
Finding unused cells or wires in module \design_mux..
Removed 0 unused cells and 16 unused wires.
<suppressed ~1 debug messages>

90. Executing MEMORY_MAP pass (converting memories to logic and flip-flops).

91. Executing OPT_EXPR pass (perform const folding).
Optimizing module design_mux.

92. Executing OPT_MERGE pass (detect identical cells).
Finding identical cells in module `\design_mux'.
Removed a total of 0 cells.

93. Executing OPT_MUXTREE pass (detect dead branches in mux trees).
Running muxtree optimizer on module \design_mux..
  Creating internal representation of mux trees.
  Evaluating internal representation of mux trees.
  Analyzing evaluation results.
Removed 0 multiplexer ports.
<suppressed ~4 debug messages>

94. Executing OPT_REDUCE pass (consolidate $*mux and $reduce_* inputs).
  Optimizing cells in module \design_mux.
    Consolidated identical input bits for $mux cell $flatten\raven_spi.$ternary$/home/chinmaya24163/MixedSignal_Task1/reproduction/design_mux/raven_spi.v:118$11:
      Old ports: A={ 7'0000000 $auto$wreduce.cc:461:run$434 [0] }, B={ 7'0000000 \raven_spi.reset }, Y=$flatten\raven_spi.$ternary$/home/chinmaya24163/MixedSignal_Task1/reproduction/design_mux/raven_spi.v:118$11_Y
      New ports: A=$auto$wreduce.cc:461:run$434 [0], B=\raven_spi.reset, Y=$flatten\raven_spi.$ternary$/home/chinmaya24163/MixedSignal_Task1/reproduction/design_mux/raven_spi.v:118$11_Y [0]
      New connections: $flatten\raven_spi.$ternary$/home/chinmaya24163/MixedSignal_Task1/reproduction/design_mux/raven_spi.v:118$11_Y [7:1] = 7'0000000
  Optimizing cells in module \design_mux.
    Consolidated identical input bits for $mux cell $flatten\raven_spi.$ternary$/home/chinmaya24163/MixedSignal_Task1/reproduction/design_mux/raven_spi.v:117$12:
      Old ports: A=$flatten\raven_spi.$ternary$/home/chinmaya24163/MixedSignal_Task1/reproduction/design_mux/raven_spi.v:118$11_Y, B={ 7'0000000 \raven_spi.irq }, Y=$flatten\raven_spi.$ternary$/home/chinmaya24163/MixedSignal_Task1/reproduction/design_mux/raven_spi.v:117$12_Y
      New ports: A=$flatten\raven_spi.$ternary$/home/chinmaya24163/MixedSignal_Task1/reproduction/design_mux/raven_spi.v:118$11_Y [0], B=\raven_spi.irq, Y=$flatten\raven_spi.$ternary$/home/chinmaya24163/MixedSignal_Task1/reproduction/design_mux/raven_spi.v:117$12_Y [0]
      New connections: $flatten\raven_spi.$ternary$/home/chinmaya24163/MixedSignal_Task1/reproduction/design_mux/raven_spi.v:117$12_Y [7:1] = 7'0000000
  Optimizing cells in module \design_mux.
    Consolidated identical input bits for $mux cell $flatten\raven_spi.$ternary$/home/chinmaya24163/MixedSignal_Task1/reproduction/design_mux/raven_spi.v:116$13:
      Old ports: A=$flatten\raven_spi.$ternary$/home/chinmaya24163/MixedSignal_Task1/reproduction/design_mux/raven_spi.v:117$12_Y, B={ 7'0000000 \raven_spi.pll_bypass }, Y=$flatten\raven_spi.$ternary$/home/chinmaya24163/MixedSignal_Task1/reproduction/design_mux/raven_spi.v:116$13_Y
      New ports: A=$flatten\raven_spi.$ternary$/home/chinmaya24163/MixedSignal_Task1/reproduction/design_mux/raven_spi.v:117$12_Y [0], B=\raven_spi.pll_bypass, Y=$flatten\raven_spi.$ternary$/home/chinmaya24163/MixedSignal_Task1/reproduction/design_mux/raven_spi.v:116$13_Y [0]
      New connections: $flatten\raven_spi.$ternary$/home/chinmaya24163/MixedSignal_Task1/reproduction/design_mux/raven_spi.v:116$13_Y [7:1] = 7'0000000
  Optimizing cells in module \design_mux.
Performed a total of 3 changes.

95. Executing OPT_MERGE pass (detect identical cells).
Finding identical cells in module `\design_mux'.
Removed a total of 0 cells.

96. Executing OPT_SHARE pass.

97. Executing OPT_DFF pass (perform DFF optimizations).

98. Executing OPT_CLEAN pass (remove unused cells and wires).
Finding unused cells or wires in module \design_mux..

99. Executing OPT_EXPR pass (perform const folding).
Optimizing module design_mux.

100. Rerunning OPT passes. (Maybe there is more to do…)

101. Executing OPT_MUXTREE pass (detect dead branches in mux trees).
Running muxtree optimizer on module \design_mux..
  Creating internal representation of mux trees.
  Evaluating internal representation of mux trees.
  Analyzing evaluation results.
Removed 0 multiplexer ports.
<suppressed ~4 debug messages>

102. Executing OPT_REDUCE pass (consolidate $*mux and $reduce_* inputs).
  Optimizing cells in module \design_mux.
Performed a total of 0 changes.

103. Executing OPT_MERGE pass (detect identical cells).
Finding identical cells in module `\design_mux'.
Removed a total of 0 cells.

104. Executing OPT_SHARE pass.

105. Executing OPT_DFF pass (perform DFF optimizations).

106. Executing OPT_CLEAN pass (remove unused cells and wires).
Finding unused cells or wires in module \design_mux..

107. Executing OPT_EXPR pass (perform const folding).
Optimizing module design_mux.

108. Executing TECHMAP pass (map to technology primitives).

108.1. Executing Verilog-2005 frontend: /nix/store/9r0bh7sp051dpm8km8bqlb028anpd3v3-yosys/bin/../share/yosys/techmap.v
Parsing Verilog input from `/nix/store/9r0bh7sp051dpm8km8bqlb028anpd3v3-yosys/bin/../share/yosys/techmap.v' to AST representation.
Generating RTLIL representation for module `\_90_simplemap_bool_ops'.
Generating RTLIL representation for module `\_90_simplemap_reduce_ops'.
Generating RTLIL representation for module `\_90_simplemap_logic_ops'.
Generating RTLIL representation for module `\_90_simplemap_compare_ops'.
Generating RTLIL representation for module `\_90_simplemap_various'.
Generating RTLIL representation for module `\_90_simplemap_registers'.
Generating RTLIL representation for module `\_90_shift_ops_shr_shl_sshl_sshr'.
Generating RTLIL representation for module `\_90_shift_shiftx'.
Generating RTLIL representation for module `\_90_fa'.
Generating RTLIL representation for module `\_90_lcu_brent_kung'.
Generating RTLIL representation for module `\_90_alu'.
Generating RTLIL representation for module `\_90_macc'.
Generating RTLIL representation for module `\_90_alumacc'.
Generating RTLIL representation for module `\$__div_mod_u'.
Generating RTLIL representation for module `\$__div_mod_trunc'.
Generating RTLIL representation for module `\_90_div'.
Generating RTLIL representation for module `\_90_mod'.
Generating RTLIL representation for module `\$__div_mod_floor'.
Generating RTLIL representation for module `\_90_divfloor'.
Generating RTLIL representation for module `\_90_modfloor'.
Generating RTLIL representation for module `\_90_pow'.
Generating RTLIL representation for module `\_90_pmux'.
Generating RTLIL representation for module `\_90_demux'.
Generating RTLIL representation for module `\_90_lut'.
Successfully finished Verilog frontend.

108.2. Continuing TECHMAP pass.
Using extmapper simplemap for cells of type $and.
Using extmapper simplemap for cells of type $reduce_or.
Using extmapper simplemap for cells of type $reduce_and.
Using extmapper simplemap for cells of type $not.
Using extmapper simplemap for cells of type $logic_not.
Using extmapper simplemap for cells of type $eq.
Using extmapper simplemap for cells of type $reduce_bool.
Using extmapper simplemap for cells of type $ne.
Using template $paramod$78e969f2586efcf3a5b0b0440bcca0db83d5cca2\_90_alu for cells of type $alu.
Using extmapper simplemap for cells of type $adff.
Using extmapper simplemap for cells of type $mux.
Using extmapper simplemap for cells of type $adffe.
Using template $paramod$c3cd1564c35d873179656addd6052d7ea8b6d991\_90_alu for cells of type $alu.
Using template $paramod$3ef7d3dd227da7627a99c5e5a6a4deb817573e39\_90_alu for cells of type $alu.
Using template $paramod$b8c0a997bce700f23568a5ada79cc6781d1f5ca0\_90_alu for cells of type $alu.
Using extmapper simplemap for cells of type $pos.
Using template $paramod\_90_lcu_brent_kung\WIDTH=32'00000000000000000000000000000011 for cells of type $lcu.
Using extmapper simplemap for cells of type $xor.
Using template $paramod\_90_lcu_brent_kung\WIDTH=32'00000000000000000000000000001000 for cells of type $lcu.
Using extmapper simplemap for cells of type $or.
No more expansions possible.
<suppressed ~543 debug messages>

109. Executing OPT_EXPR pass (perform const folding).
Optimizing module design_mux.
<suppressed ~280 debug messages>

110. Executing OPT_MERGE pass (detect identical cells).
Finding identical cells in module `\design_mux'.
<suppressed ~213 debug messages>
Removed a total of 71 cells.

111. Executing OPT_DFF pass (perform DFF optimizations).

112. Executing OPT_CLEAN pass (remove unused cells and wires).
Finding unused cells or wires in module \design_mux..
Removed 19 unused cells and 251 unused wires.
<suppressed ~20 debug messages>

113. Executing OPT_EXPR pass (perform const folding).
Optimizing module design_mux.

114. Executing OPT_MERGE pass (detect identical cells).
Finding identical cells in module `\design_mux'.
Removed a total of 0 cells.

115. Executing OPT_DFF pass (perform DFF optimizations).

116. Executing OPT_CLEAN pass (remove unused cells and wires).
Finding unused cells or wires in module \design_mux..

117. Executing ABC pass (technology mapping using ABC).

117.1. Extracting gate netlist of module `\design_mux' to `<abc-temp-dir>/input.blif'..
Extracted 233 gates and 279 wires to a netlist network with 44 inputs and 38 outputs.

117.1.1. Executing ABC.
Running ABC command: "/nix/store/6l3aj1gi4lja8z5s4lan2k2cfz9mqkrz-yosys-abc/bin/abc" -s -f <abc-temp-dir>/abc.script 2>&1
ABC: ABC command line: "source <abc-temp-dir>/abc.script".
ABC: 
ABC: + read_blif <abc-temp-dir>/input.blif 
ABC: + read_library <abc-temp-dir>/stdcells.genlib 
ABC: Entered genlib library with 13 gates from file "<abc-temp-dir>/stdcells.genlib".
ABC: + strash 
ABC: + dretime 
ABC: + map 
ABC: + write_blif <abc-temp-dir>/output.blif 

117.1.2. Re-integrating ABC results.
ABC RESULTS:              XNOR cells:        1
ABC RESULTS:               NOT cells:       12
ABC RESULTS:              NAND cells:        5
ABC RESULTS:             ORNOT cells:       21
ABC RESULTS:                OR cells:       54
ABC RESULTS:               NOR cells:       18
ABC RESULTS:               AND cells:       15
ABC RESULTS:               MUX cells:       35
ABC RESULTS:               XOR cells:       10
ABC RESULTS:            ANDNOT cells:       33
ABC RESULTS:        internal signals:      197
ABC RESULTS:           input signals:       44
ABC RESULTS:          output signals:       38
Removing temp directory.

118. Executing OPT pass (performing simple optimizations).

118.1. Executing OPT_EXPR pass (perform const folding).
Optimizing module design_mux.
<suppressed ~9 debug messages>

118.2. Executing OPT_MERGE pass (detect identical cells).
Finding identical cells in module `\design_mux'.
Removed a total of 0 cells.

118.3. Executing OPT_DFF pass (perform DFF optimizations).

118.4. Executing OPT_CLEAN pass (remove unused cells and wires).
Finding unused cells or wires in module \design_mux..
Removed 0 unused cells and 190 unused wires.
<suppressed ~5 debug messages>

118.5. Finished fast OPT passes.

119. Executing HIERARCHY pass (managing design hierarchy).

119.1. Analyzing design hierarchy..
Top module:  \design_mux

119.2. Analyzing design hierarchy..
Top module:  \design_mux
Removed 0 unused modules.

120. Executing CHECK pass (checking for obvious problems).
Checking module design_mux...
Found and reported 0 problems.

121. Printing statistics.

=== design_mux ===

   Number of wires:                257
   Number of wire bits:            355
   Number of public wires:          54
   Number of public wire bits:     148
   Number of ports:                  8
   Number of port bits:             11
   Number of memories:               0
   Number of memory bits:            0
   Number of processes:              0
   Number of cells:                253
     $_ANDNOT_                      33
     $_AND_                         15
     $_DFFE_NP0P_                    9
     $_DFFE_PP0P_                   30
     $_DFFE_PP1P_                    4
     $_DFF_PP0_                      2
     $_DFF_PP1_                      1
     $_MUX_                         35
     $_NAND_                         5
     $_NOR_                         18
     $_NOT_                         12
     $_ORNOT_                       21
     $_OR_                          54
     $_XNOR_                         1
     $_XOR_                         10
     $scopeinfo                      2
     AMUX2_3V                        1

122. Generating Graphviz representation of design.
Writing dot description to `/home/chinmaya24163/MixedSignal_Task1/reproduction/design_mux/runs/RUN_2026-06-14_12-25-22/06-yosys-synthesis/primitive_techmap.dot'.
Dumping module design_mux to page 1.

123. Executing OPT pass (performing simple optimizations).

123.1. Executing OPT_EXPR pass (perform const folding).
Optimizing module design_mux.

123.2. Executing OPT_MERGE pass (detect identical cells).
Finding identical cells in module `\design_mux'.
Removed a total of 0 cells.

123.3. Executing OPT_MUXTREE pass (detect dead branches in mux trees).
Running muxtree optimizer on module \design_mux..
  Creating internal representation of mux trees.
  No muxes found in this module.
Removed 0 multiplexer ports.

123.4. Executing OPT_REDUCE pass (consolidate $*mux and $reduce_* inputs).
  Optimizing cells in module \design_mux.
Performed a total of 0 changes.

123.5. Executing OPT_MERGE pass (detect identical cells).
Finding identical cells in module `\design_mux'.
Removed a total of 0 cells.

123.6. Executing OPT_DFF pass (perform DFF optimizations).

123.7. Executing OPT_CLEAN pass (remove unused cells and wires).
Finding unused cells or wires in module \design_mux..

123.8. Executing OPT_EXPR pass (perform const folding).
Optimizing module design_mux.

123.9. Finished OPT passes. (There is nothing left to do.)

124. Executing OPT_CLEAN pass (remove unused cells and wires).
Finding unused cells or wires in module \design_mux..
Removed 2 unused cells and 28 unused wires.
<suppressed ~30 debug messages>
{
   "creator": "Yosys 0.46 (git sha1 e97731b9dda91fa5fa53ed87df7c34163ba59a41, clang++ 17.0.6 -fPIC -O3)",
   "invocation": "stat -json -liberty /home/chinmaya24163/MixedSignal_Task1/reproduction/design_mux/runs/RUN_2026-06-14_12-25-22/tmp/1a1b6522cf7246129f249fac29145232.lib ",
   "modules": {
      "\\design_mux": {
         "num_wires":         229,
         "num_wire_bits":     266,
         "num_pub_wires":     26,
         "num_pub_wire_bits": 59,
         "num_ports":         8,
         "num_port_bits":     11,
         "num_memories":      0,
         "num_memory_bits":   0,
         "num_processes":     0,
         "num_cells":         251,
         "num_cells_by_type": {
            "$_ANDNOT_": 33,
            "$_AND_": 15,
            "$_DFFE_NP0P_": 9,
            "$_DFFE_PP0P_": 30,
            "$_DFFE_PP1P_": 4,
            "$_DFF_PP0_": 2,
            "$_DFF_PP1_": 1,
            "$_MUX_": 35,
            "$_NAND_": 5,
            "$_NOR_": 18,
            "$_NOT_": 12,
            "$_ORNOT_": 21,
            "$_OR_": 54,
            "$_XNOR_": 1,
            "$_XOR_": 10,
            "AMUX2_3V": 1
         }
      }
   },
      "design": {
         "num_wires":         229,
         "num_wire_bits":     266,
         "num_pub_wires":     26,
         "num_pub_wire_bits": 59,
         "num_ports":         8,
         "num_port_bits":     11,
         "num_memories":      0,
         "num_memory_bits":   0,
         "num_processes":     0,
         "num_cells":         251,
         "num_cells_by_type": {
            "$_ANDNOT_": 33,
            "$_AND_": 15,
            "$_DFFE_NP0P_": 9,
            "$_DFFE_PP0P_": 30,
            "$_DFFE_PP1P_": 4,
            "$_DFF_PP0_": 2,
            "$_DFF_PP1_": 1,
            "$_MUX_": 35,
            "$_NAND_": 5,
            "$_NOR_": 18,
            "$_NOT_": 12,
            "$_ORNOT_": 21,
            "$_OR_": 54,
            "$_XNOR_": 1,
            "$_XOR_": 10,
            "AMUX2_3V": 1
         }
      }
}

125. Printing statistics.

=== design_mux ===

   Number of wires:                229
   Number of wire bits:            266
   Number of public wires:          26
   Number of public wire bits:      59
   Number of ports:                  8
   Number of port bits:             11
   Number of memories:               0
   Number of memory bits:            0
   Number of processes:              0
   Number of cells:                251
     $_ANDNOT_                      33
     $_AND_                         15
     $_DFFE_NP0P_                    9
     $_DFFE_PP0P_                   30
     $_DFFE_PP1P_                    4
     $_DFF_PP0_                      2
     $_DFF_PP1_                      1
     $_MUX_                         35
     $_NAND_                         5
     $_NOR_                         18
     $_NOT_                         12
     $_ORNOT_                       21
     $_OR_                          54
     $_XNOR_                         1
     $_XOR_                         10
     AMUX2_3V                        1

   Area for cell type $_NOT_ is unknown!
   Area for cell type $_AND_ is unknown!
   Area for cell type $_NAND_ is unknown!
   Area for cell type $_OR_ is unknown!
   Area for cell type $_NOR_ is unknown!
   Area for cell type $_XOR_ is unknown!
   Area for cell type $_XNOR_ is unknown!
   Area for cell type $_ANDNOT_ is unknown!
   Area for cell type $_ORNOT_ is unknown!
   Area for cell type $_MUX_ is unknown!
   Area for cell type $_DFF_PP0_ is unknown!
   Area for cell type $_DFF_PP1_ is unknown!
   Area for cell type $_DFFE_NP0P_ is unknown!
   Area for cell type $_DFFE_PP0P_ is unknown!
   Area for cell type $_DFFE_PP1P_ is unknown!
   Area for cell type \AMUX2_3V is unknown!

[INFO] Applying tri-state buffer mapping from '/home/chinmaya24163/.volare/volare/sky130/versions/6d4d11780c40b20ee63cc98e645307a9bf2b2ab8/sky130A/libs.tech/openlane/sky130_fd_sc_hd/tribuff_map.v'…

126. Executing TECHMAP pass (map to technology primitives).

126.1. Executing Verilog-2005 frontend: /home/chinmaya24163/.volare/volare/sky130/versions/6d4d11780c40b20ee63cc98e645307a9bf2b2ab8/sky130A/libs.tech/openlane/sky130_fd_sc_hd/tribuff_map.v
Parsing Verilog input from `/home/chinmaya24163/.volare/volare/sky130/versions/6d4d11780c40b20ee63cc98e645307a9bf2b2ab8/sky130A/libs.tech/openlane/sky130_fd_sc_hd/tribuff_map.v' to AST representation.
Generating RTLIL representation for module `\$_TBUF_'.
Successfully finished Verilog frontend.

126.2. Continuing TECHMAP pass.
No more expansions possible.
<suppressed ~3 debug messages>

127. Executing SIMPLEMAP pass (map simple cells to gate primitives).
[INFO] Applying latch mapping from '/home/chinmaya24163/.volare/volare/sky130/versions/6d4d11780c40b20ee63cc98e645307a9bf2b2ab8/sky130A/libs.tech/openlane/sky130_fd_sc_hd/latch_map.v'…

128. Executing TECHMAP pass (map to technology primitives).

128.1. Executing Verilog-2005 frontend: /home/chinmaya24163/.volare/volare/sky130/versions/6d4d11780c40b20ee63cc98e645307a9bf2b2ab8/sky130A/libs.tech/openlane/sky130_fd_sc_hd/latch_map.v
Parsing Verilog input from `/home/chinmaya24163/.volare/volare/sky130/versions/6d4d11780c40b20ee63cc98e645307a9bf2b2ab8/sky130A/libs.tech/openlane/sky130_fd_sc_hd/latch_map.v' to AST representation.
Generating RTLIL representation for module `\$_DLATCH_P_'.
Generating RTLIL representation for module `\$_DLATCH_N_'.
Successfully finished Verilog frontend.

128.2. Continuing TECHMAP pass.
No more expansions possible.
<suppressed ~4 debug messages>

129. Executing SIMPLEMAP pass (map simple cells to gate primitives).

130. Executing DFFLIBMAP pass (mapping DFF cells to sequential cells from liberty file).
  cell sky130_fd_sc_hd__dfxtp_2 (noninv, pins=3, area=21.27) is a direct match for cell type $_DFF_P_.
  cell sky130_fd_sc_hd__dfrtp_2 (noninv, pins=4, area=26.28) is a direct match for cell type $_DFF_PN0_.
  cell sky130_fd_sc_hd__dfstp_2 (noninv, pins=4, area=26.28) is a direct match for cell type $_DFF_PN1_.
  cell sky130_fd_sc_hd__dfbbn_2 (noninv, pins=6, area=35.03) is a direct match for cell type $_DFFSR_NNN_.
  final dff cell mappings:
    unmapped dff cell: $_DFF_N_
    \sky130_fd_sc_hd__dfxtp_2 _DFF_P_ (.CLK( C), .D( D), .Q( Q));
    unmapped dff cell: $_DFF_NN0_
    unmapped dff cell: $_DFF_NN1_
    unmapped dff cell: $_DFF_NP0_
    unmapped dff cell: $_DFF_NP1_
    \sky130_fd_sc_hd__dfrtp_2 _DFF_PN0_ (.CLK( C), .D( D), .Q( Q), .RESET_B( R));
    \sky130_fd_sc_hd__dfstp_2 _DFF_PN1_ (.CLK( C), .D( D), .Q( Q), .SET_B( R));
    unmapped dff cell: $_DFF_PP0_
    unmapped dff cell: $_DFF_PP1_
    \sky130_fd_sc_hd__dfbbn_2 _DFFSR_NNN_ (.CLK_N( C), .D( D), .Q( Q), .Q_N(~Q), .RESET_B( R), .SET_B( S));
    unmapped dff cell: $_DFFSR_NNP_
    unmapped dff cell: $_DFFSR_NPN_
    unmapped dff cell: $_DFFSR_NPP_
    unmapped dff cell: $_DFFSR_PNN_
    unmapped dff cell: $_DFFSR_PNP_
    unmapped dff cell: $_DFFSR_PPN_
    unmapped dff cell: $_DFFSR_PPP_

130.1. Executing DFFLEGALIZE pass (convert FFs to types supported by the target).
Mapping DFF cells in module `\design_mux':
  mapped 41 $_DFF_PN0_ cells to \sky130_fd_sc_hd__dfrtp_2 cells.
  mapped 5 $_DFF_PN1_ cells to \sky130_fd_sc_hd__dfstp_2 cells.
{
   "creator": "Yosys 0.46 (git sha1 e97731b9dda91fa5fa53ed87df7c34163ba59a41, clang++ 17.0.6 -fPIC -O3)",
   "invocation": "stat -json -liberty /home/chinmaya24163/MixedSignal_Task1/reproduction/design_mux/runs/RUN_2026-06-14_12-25-22/tmp/1a1b6522cf7246129f249fac29145232.lib ",
   "modules": {
      "\\design_mux": {
         "num_wires":         327,
         "num_wire_bits":     364,
         "num_pub_wires":     26,
         "num_pub_wire_bits": 59,
         "num_ports":         8,
         "num_port_bits":     11,
         "num_memories":      0,
         "num_memory_bits":   0,
         "num_processes":     0,
         "num_cells":         349,
         "area":              1208.659200,
         "num_cells_by_type": {
            "$_ANDNOT_": 33,
            "$_AND_": 15,
            "$_MUX_": 78,
            "$_NAND_": 5,
            "$_NOR_": 18,
            "$_NOT_": 67,
            "$_ORNOT_": 21,
            "$_OR_": 54,
            "$_XNOR_": 1,
            "$_XOR_": 10,
            "AMUX2_3V": 1,
            "sky130_fd_sc_hd__dfrtp_2": 41,
            "sky130_fd_sc_hd__dfstp_2": 5
         }
      }
   },
      "design": {
         "num_wires":         327,
         "num_wire_bits":     364,
         "num_pub_wires":     26,
         "num_pub_wire_bits": 59,
         "num_ports":         8,
         "num_port_bits":     11,
         "num_memories":      0,
         "num_memory_bits":   0,
         "num_processes":     0,
         "num_cells":         349,
         "area":              1208.659200,
         "num_cells_by_type": {
            "$_ANDNOT_": 33,
            "$_AND_": 15,
            "$_MUX_": 78,
            "$_NAND_": 5,
            "$_NOR_": 18,
            "$_NOT_": 67,
            "$_ORNOT_": 21,
            "$_OR_": 54,
            "$_XNOR_": 1,
            "$_XOR_": 10,
            "AMUX2_3V": 1,
            "sky130_fd_sc_hd__dfrtp_2": 41,
            "sky130_fd_sc_hd__dfstp_2": 5
         }
      }
}

131. Printing statistics.

=== design_mux ===

   Number of wires:                327
   Number of wire bits:            364
   Number of public wires:          26
   Number of public wire bits:      59
   Number of ports:                  8
   Number of port bits:             11
   Number of memories:               0
   Number of memory bits:            0
   Number of processes:              0
   Number of cells:                349
     $_ANDNOT_                      33
     $_AND_                         15
     $_MUX_                         78
     $_NAND_                         5
     $_NOR_                         18
     $_NOT_                         67
     $_ORNOT_                       21
     $_OR_                          54
     $_XNOR_                         1
     $_XOR_                         10
     AMUX2_3V                        1
     sky130_fd_sc_hd__dfrtp_2       41
     sky130_fd_sc_hd__dfstp_2        5

   Area for cell type $_NOT_ is unknown!
   Area for cell type $_AND_ is unknown!
   Area for cell type $_NAND_ is unknown!
   Area for cell type $_OR_ is unknown!
   Area for cell type $_NOR_ is unknown!
   Area for cell type $_XOR_ is unknown!
   Area for cell type $_XNOR_ is unknown!
   Area for cell type $_ANDNOT_ is unknown!
   Area for cell type $_ORNOT_ is unknown!
   Area for cell type $_MUX_ is unknown!
   Area for cell type \AMUX2_3V is unknown!

   Chip area for module '\design_mux': 1208.659200
     of which used for sequential elements: 1208.659200 (100.00%)

[INFO] Using generated ABC script '/home/chinmaya24163/MixedSignal_Task1/reproduction/design_mux/runs/RUN_2026-06-14_12-25-22/06-yosys-synthesis/AREA_0.abc'…

132. Executing ABC pass (technology mapping using ABC).

132.1. Extracting gate netlist of module `\design_mux' to `/tmp/yosys-abc-Iz5RYJ/input.blif'..
Extracted 302 gates and 357 wires to a netlist network with 55 inputs and 101 outputs.

132.1.1. Executing ABC.
Running ABC command: "/nix/store/6l3aj1gi4lja8z5s4lan2k2cfz9mqkrz-yosys-abc/bin/abc" -s -f /tmp/yosys-abc-Iz5RYJ/abc.script 2>&1
ABC: ABC command line: "source /tmp/yosys-abc-Iz5RYJ/abc.script".
ABC: 
ABC: + read_blif /tmp/yosys-abc-Iz5RYJ/input.blif 
ABC: + read_lib -w /home/chinmaya24163/MixedSignal_Task1/reproduction/design_mux/runs/RUN_2026-06-14_12-25-22/tmp/1a1b6522cf7246129f249fac29145232.lib 
ABC: Parsing finished successfully.  Parsing time =     0.03 sec
ABC: Scl_LibertyReadGenlib() skipped sequential cell "sky130_fd_sc_hd__dfbbn_2".
ABC: Scl_LibertyReadGenlib() skipped sequential cell "sky130_fd_sc_hd__dfrbp_2".
ABC: Scl_LibertyReadGenlib() skipped sequential cell "sky130_fd_sc_hd__dfrtp_2".
ABC: Scl_LibertyReadGenlib() skipped sequential cell "sky130_fd_sc_hd__dfrtp_4".
ABC: Scl_LibertyReadGenlib() skipped sequential cell "sky130_fd_sc_hd__dfsbp_2".
ABC: Scl_LibertyReadGenlib() skipped sequential cell "sky130_fd_sc_hd__dfstp_2".
ABC: Scl_LibertyReadGenlib() skipped sequential cell "sky130_fd_sc_hd__dfstp_4".
ABC: Scl_LibertyReadGenlib() skipped sequential cell "sky130_fd_sc_hd__dfxbp_2".
ABC: Scl_LibertyReadGenlib() skipped sequential cell "sky130_fd_sc_hd__dfxtp_2".
ABC: Scl_LibertyReadGenlib() skipped sequential cell "sky130_fd_sc_hd__dfxtp_4".
ABC: Scl_LibertyReadGenlib() skipped sequential cell "sky130_fd_sc_hd__dlxtn_1".
ABC: Scl_LibertyReadGenlib() skipped sequential cell "sky130_fd_sc_hd__dlxtn_2".
ABC: Scl_LibertyReadGenlib() skipped sequential cell "sky130_fd_sc_hd__dlxtn_4".
ABC: Scl_LibertyReadGenlib() skipped sequential cell "sky130_fd_sc_hd__dlxtp_1".
ABC: Scl_LibertyReadGenlib() skipped three-state cell "sky130_fd_sc_hd__ebufn_2".
ABC: Scl_LibertyReadGenlib() skipped three-state cell "sky130_fd_sc_hd__ebufn_4".
ABC: Scl_LibertyReadGenlib() skipped three-state cell "sky130_fd_sc_hd__ebufn_8".
ABC: Library "sky130_fd_sc_hd__tt_025C_1v80" from "/home/chinmaya24163/MixedSignal_Task1/reproduction/design_mux/runs/RUN_2026-06-14_12-25-22/tmp/1a1b6522cf7246129f249fac29145232.lib" has 175 cells (17 skipped: 14 seq; 3 tri-state; 0 no func; 0 dont_use).  Time =     0.04 sec
ABC: Memory =    9.54 MB. Time =     0.04 sec
ABC: Warning: Detected 2 multi-output gates (for example, "sky130_fd_sc_hd__fa_1").
ABC: + read_constr -v /home/chinmaya24163/MixedSignal_Task1/reproduction/design_mux/runs/RUN_2026-06-14_12-25-22/06-yosys-synthesis/synthesis.abc.sdc 
ABC: Setting driving cell to be "sky130_fd_sc_hd__inv_2/Y".
ABC: Setting output load to be 33.442001.
ABC: + source /home/chinmaya24163/MixedSignal_Task1/reproduction/design_mux/runs/RUN_2026-06-14_12-25-22/06-yosys-synthesis/AREA_0.abc 
ABC: Error: The network is combinational.
ABC: Cannot find the default PI driving cell (sky130_fd_sc_hd__inv_2/Y) in the library.
ABC: WireLoad = "none"  Gates =    201 ( 30.3 %)   Cap = 18.7 ff (  7.8 %)   Area =     1556.49 ( 54.2 %)   Delay =  1990.94 ps  (  6.0 %)               
ABC: Path  0 --      47 : 0   20 pi                       A =   0.00  Df =   0.0   -0.0 ps  S =   0.0 ps  Cin =  0.0 ff  Cout =  65.4 ff  Cmax =   0.0 ff  G =    0  
ABC: Path  1 --     175 : 3    5 sky130_fd_sc_hd__mux2_1  A =  11.26  Df = 337.6 -114.0 ps  S = 109.7 ps  Cin =  2.3 ff  Cout =  10.9 ff  Cmax = 173.0 ff  G =  453  
ABC: Path  2 --     177 : 3    2 sky130_fd_sc_hd__or3b_2  A =   8.76  Df = 809.2 -247.3 ps  S =  76.7 ps  Cin =  1.5 ff  Cout =   3.1 ff  Cmax = 269.2 ff  G =  200  
ABC: Path  3 --     265 : 3    1 sky130_fd_sc_hd__or3b_2  A =   8.76  Df =1270.1 -571.6 ps  S =  73.6 ps  Cin =  1.5 ff  Cout =   2.5 ff  Cmax = 269.2 ff  G =  156  
ABC: Path  4 --     266 : 5    1 sky130_fd_sc_hd__o311a_2 A =  11.26  Df =1406.8 -429.2 ps  S =  53.0 ps  Cin =  2.4 ff  Cout =   2.5 ff  Cmax = 293.9 ff  G =  100  
ABC: Path  5 --     267 : 4    1 sky130_fd_sc_hd__a211o_2 A =  10.01  Df =1702.0 -482.0 ps  S =  45.1 ps  Cin =  2.4 ff  Cout =   2.5 ff  Cmax = 325.0 ff  G =  100  
ABC: Path  6 --     269 : 4    1 sky130_fd_sc_hd__a22o_2  A =  10.01  Df =1990.9 -545.1 ps  S = 179.8 ps  Cin =  2.3 ff  Cout =  33.4 ff  Cmax = 301.2 ff  G = 1424  
ABC: Start-point = pi46 (\raven_spi.U1.state [2]).  End-point = po40 ($auto$rtlil.cc:2739:MuxGate$1695).
ABC: netlist                       : i/o =   55/  101  lat =    0  nd =   201  edge =    490  area =1556.44  delay = 6.00  lev = 6
ABC: + write_blif /tmp/yosys-abc-Iz5RYJ/output.blif 

132.1.2. Re-integrating ABC results.
ABC RESULTS:   sky130_fd_sc_hd__nand2b_2 cells:        1
ABC RESULTS:   sky130_fd_sc_hd__and4b_2 cells:        1
ABC RESULTS:   sky130_fd_sc_hd__and4bb_2 cells:        2
ABC RESULTS:   sky130_fd_sc_hd__and2b_2 cells:        1
ABC RESULTS:   sky130_fd_sc_hd__and3b_2 cells:        1
ABC RESULTS:   sky130_fd_sc_hd__xor2_2 cells:        1
ABC RESULTS:   sky130_fd_sc_hd__a21oi_2 cells:        2
ABC RESULTS:   sky130_fd_sc_hd__nand3_2 cells:        2
ABC RESULTS:   sky130_fd_sc_hd__nor3_2 cells:        1
ABC RESULTS:   sky130_fd_sc_hd__or3_2 cells:        2
ABC RESULTS:   sky130_fd_sc_hd__a21o_2 cells:        3
ABC RESULTS:   sky130_fd_sc_hd__a221o_2 cells:        5
ABC RESULTS:   sky130_fd_sc_hd__o311a_2 cells:        1
ABC RESULTS:   sky130_fd_sc_hd__a211o_2 cells:        2
ABC RESULTS:   sky130_fd_sc_hd__a211oi_2 cells:        2
ABC RESULTS:   sky130_fd_sc_hd__or3b_2 cells:        3
ABC RESULTS:   sky130_fd_sc_hd__a31oi_2 cells:        1
ABC RESULTS:   sky130_fd_sc_hd__and4_2 cells:        2
ABC RESULTS:   sky130_fd_sc_hd__and2_2 cells:        7
ABC RESULTS:   sky130_fd_sc_hd__and3_2 cells:        7
ABC RESULTS:   sky130_fd_sc_hd__nand2_2 cells:       10
ABC RESULTS:   sky130_fd_sc_hd__nor2_2 cells:       12
ABC RESULTS:   sky130_fd_sc_hd__o32a_2 cells:        1
ABC RESULTS:   sky130_fd_sc_hd__a31o_2 cells:        1
ABC RESULTS:   sky130_fd_sc_hd__o21a_2 cells:        8
ABC RESULTS:   sky130_fd_sc_hd__xnor2_2 cells:        3
ABC RESULTS:   sky130_fd_sc_hd__o21ai_2 cells:        3
ABC RESULTS:   sky130_fd_sc_hd__a32o_2 cells:        2
ABC RESULTS:   sky130_fd_sc_hd__o22a_2 cells:        7
ABC RESULTS:   sky130_fd_sc_hd__o211a_2 cells:        3
ABC RESULTS:   sky130_fd_sc_hd__mux2_1 cells:       30
ABC RESULTS:   sky130_fd_sc_hd__or2_2 cells:        4
ABC RESULTS:   sky130_fd_sc_hd__a22o_2 cells:        6
ABC RESULTS:   sky130_fd_sc_hd__a2bb2o_2 cells:        3
ABC RESULTS:   sky130_fd_sc_hd__inv_2 cells:       61
ABC RESULTS:        internal signals:      201
ABC RESULTS:           input signals:       55
ABC RESULTS:          output signals:      101
Removing temp directory.

133. Executing SETUNDEF pass (replace undef values with defined constants).

134. Executing HILOMAP pass (mapping to constant drivers).

135. Executing SPLITNETS pass (splitting up multi-bit signals).

136. Executing OPT_CLEAN pass (remove unused cells and wires).
Finding unused cells or wires in module \design_mux..
Removed 0 unused cells and 362 unused wires.
<suppressed ~3 debug messages>

137. Executing INSBUF pass (insert buffer cells for connected wires).

138. Executing CHECK pass (checking for obvious problems).
Checking module design_mux...
Found and reported 0 problems.
{
   "creator": "Yosys 0.46 (git sha1 e97731b9dda91fa5fa53ed87df7c34163ba59a41, clang++ 17.0.6 -fPIC -O3)",
   "invocation": "stat -json -liberty /home/chinmaya24163/MixedSignal_Task1/reproduction/design_mux/runs/RUN_2026-06-14_12-25-22/tmp/1a1b6522cf7246129f249fac29145232.lib ",
   "modules": {
      "\\design_mux": {
         "num_wires":         255,
         "num_wire_bits":     258,
         "num_pub_wires":     54,
         "num_pub_wire_bits": 57,
         "num_ports":         8,
         "num_port_bits":     11,
         "num_memories":      0,
         "num_memory_bits":   0,
         "num_processes":     0,
         "num_cells":         248,
         "area":              2765.152000,
         "num_cells_by_type": {
            "AMUX2_3V": 1,
            "sky130_fd_sc_hd__a211o_2": 2,
            "sky130_fd_sc_hd__a211oi_2": 2,
            "sky130_fd_sc_hd__a21o_2": 3,
            "sky130_fd_sc_hd__a21oi_2": 2,
            "sky130_fd_sc_hd__a221o_2": 5,
            "sky130_fd_sc_hd__a22o_2": 6,
            "sky130_fd_sc_hd__a2bb2o_2": 3,
            "sky130_fd_sc_hd__a31o_2": 1,
            "sky130_fd_sc_hd__a31oi_2": 1,
            "sky130_fd_sc_hd__a32o_2": 2,
            "sky130_fd_sc_hd__and2_2": 7,
            "sky130_fd_sc_hd__and2b_2": 1,
            "sky130_fd_sc_hd__and3_2": 7,
            "sky130_fd_sc_hd__and3b_2": 1,
            "sky130_fd_sc_hd__and4_2": 2,
            "sky130_fd_sc_hd__and4b_2": 1,
            "sky130_fd_sc_hd__and4bb_2": 2,
            "sky130_fd_sc_hd__dfrtp_2": 41,
            "sky130_fd_sc_hd__dfstp_2": 5,
            "sky130_fd_sc_hd__inv_2": 61,
            "sky130_fd_sc_hd__mux2_1": 30,
            "sky130_fd_sc_hd__nand2_2": 10,
            "sky130_fd_sc_hd__nand2b_2": 1,
            "sky130_fd_sc_hd__nand3_2": 2,
            "sky130_fd_sc_hd__nor2_2": 12,
            "sky130_fd_sc_hd__nor3_2": 1,
            "sky130_fd_sc_hd__o211a_2": 3,
            "sky130_fd_sc_hd__o21a_2": 8,
            "sky130_fd_sc_hd__o21ai_2": 3,
            "sky130_fd_sc_hd__o22a_2": 7,
            "sky130_fd_sc_hd__o311a_2": 1,
            "sky130_fd_sc_hd__o32a_2": 1,
            "sky130_fd_sc_hd__or2_2": 4,
            "sky130_fd_sc_hd__or3_2": 2,
            "sky130_fd_sc_hd__or3b_2": 3,
            "sky130_fd_sc_hd__xnor2_2": 3,
            "sky130_fd_sc_hd__xor2_2": 1
         }
      }
   },
      "design": {
         "num_wires":         255,
         "num_wire_bits":     258,
         "num_pub_wires":     54,
         "num_pub_wire_bits": 57,
         "num_ports":         8,
         "num_port_bits":     11,
         "num_memories":      0,
         "num_memory_bits":   0,
         "num_processes":     0,
         "num_cells":         248,
         "area":              2765.152000,
         "num_cells_by_type": {
            "AMUX2_3V": 1,
            "sky130_fd_sc_hd__a211o_2": 2,
            "sky130_fd_sc_hd__a211oi_2": 2,
            "sky130_fd_sc_hd__a21o_2": 3,
            "sky130_fd_sc_hd__a21oi_2": 2,
            "sky130_fd_sc_hd__a221o_2": 5,
            "sky130_fd_sc_hd__a22o_2": 6,
            "sky130_fd_sc_hd__a2bb2o_2": 3,
            "sky130_fd_sc_hd__a31o_2": 1,
            "sky130_fd_sc_hd__a31oi_2": 1,
            "sky130_fd_sc_hd__a32o_2": 2,
            "sky130_fd_sc_hd__and2_2": 7,
            "sky130_fd_sc_hd__and2b_2": 1,
            "sky130_fd_sc_hd__and3_2": 7,
            "sky130_fd_sc_hd__and3b_2": 1,
            "sky130_fd_sc_hd__and4_2": 2,
            "sky130_fd_sc_hd__and4b_2": 1,
            "sky130_fd_sc_hd__and4bb_2": 2,
            "sky130_fd_sc_hd__dfrtp_2": 41,
            "sky130_fd_sc_hd__dfstp_2": 5,
            "sky130_fd_sc_hd__inv_2": 61,
            "sky130_fd_sc_hd__mux2_1": 30,
            "sky130_fd_sc_hd__nand2_2": 10,
            "sky130_fd_sc_hd__nand2b_2": 1,
            "sky130_fd_sc_hd__nand3_2": 2,
            "sky130_fd_sc_hd__nor2_2": 12,
            "sky130_fd_sc_hd__nor3_2": 1,
            "sky130_fd_sc_hd__o211a_2": 3,
            "sky130_fd_sc_hd__o21a_2": 8,
            "sky130_fd_sc_hd__o21ai_2": 3,
            "sky130_fd_sc_hd__o22a_2": 7,
            "sky130_fd_sc_hd__o311a_2": 1,
            "sky130_fd_sc_hd__o32a_2": 1,
            "sky130_fd_sc_hd__or2_2": 4,
            "sky130_fd_sc_hd__or3_2": 2,
            "sky130_fd_sc_hd__or3b_2": 3,
            "sky130_fd_sc_hd__xnor2_2": 3,
            "sky130_fd_sc_hd__xor2_2": 1
         }
      }
}

139. Printing statistics.

=== design_mux ===

   Number of wires:                255
   Number of wire bits:            258
   Number of public wires:          54
   Number of public wire bits:      57
   Number of ports:                  8
   Number of port bits:             11
   Number of memories:               0
   Number of memory bits:            0
   Number of processes:              0
   Number of cells:                248
     AMUX2_3V                        1
     sky130_fd_sc_hd__a211o_2        2
     sky130_fd_sc_hd__a211oi_2       2
     sky130_fd_sc_hd__a21o_2         3
     sky130_fd_sc_hd__a21oi_2        2
     sky130_fd_sc_hd__a221o_2        5
     sky130_fd_sc_hd__a22o_2         6
     sky130_fd_sc_hd__a2bb2o_2       3
     sky130_fd_sc_hd__a31o_2         1
     sky130_fd_sc_hd__a31oi_2        1
     sky130_fd_sc_hd__a32o_2         2
     sky130_fd_sc_hd__and2_2         7
     sky130_fd_sc_hd__and2b_2        1
     sky130_fd_sc_hd__and3_2         7
     sky130_fd_sc_hd__and3b_2        1
     sky130_fd_sc_hd__and4_2         2
     sky130_fd_sc_hd__and4b_2        1
     sky130_fd_sc_hd__and4bb_2       2
     sky130_fd_sc_hd__dfrtp_2       41
     sky130_fd_sc_hd__dfstp_2        5
     sky130_fd_sc_hd__inv_2         61
     sky130_fd_sc_hd__mux2_1        30
     sky130_fd_sc_hd__nand2_2       10
     sky130_fd_sc_hd__nand2b_2       1
     sky130_fd_sc_hd__nand3_2        2
     sky130_fd_sc_hd__nor2_2        12
     sky130_fd_sc_hd__nor3_2         1
     sky130_fd_sc_hd__o211a_2        3
     sky130_fd_sc_hd__o21a_2         8
     sky130_fd_sc_hd__o21ai_2        3
     sky130_fd_sc_hd__o22a_2         7
     sky130_fd_sc_hd__o311a_2        1
     sky130_fd_sc_hd__o32a_2         1
     sky130_fd_sc_hd__or2_2          4
     sky130_fd_sc_hd__or3_2          2
     sky130_fd_sc_hd__or3b_2         3
     sky130_fd_sc_hd__xnor2_2        3
     sky130_fd_sc_hd__xor2_2         1

   Area for cell type \AMUX2_3V is unknown!

   Chip area for module '\design_mux': 2765.152000
     of which used for sequential elements: 1208.659200 (43.71%)

140. Executing Verilog backend.
Dumping module `\design_mux'.

141. Executing JSON backend.
