131. Printing statistics.

=== design_mux ===

   Number of wires:                327
   Number of wire bits:            364
   Number of public wires:          26
   Number of public wire bits:      59
   Number of ports:                  8
   Number of port bits:             11
   Number of memories:               0
   Number of memory bits:            0
   Number of processes:              0
   Number of cells:                349
     $_ANDNOT_                      33
     $_AND_                         15
     $_MUX_                         78
     $_NAND_                         5
     $_NOR_                         18
     $_NOT_                         67
     $_ORNOT_                       21
     $_OR_                          54
     $_XNOR_                         1
     $_XOR_                         10
     AMUX2_3V                        1
     sky130_fd_sc_hd__dfrtp_2       41
     sky130_fd_sc_hd__dfstp_2        5

   Area for cell type $_NOT_ is unknown!
   Area for cell type $_AND_ is unknown!
   Area for cell type $_NAND_ is unknown!
   Area for cell type $_OR_ is unknown!
   Area for cell type $_NOR_ is unknown!
   Area for cell type $_XOR_ is unknown!
   Area for cell type $_XNOR_ is unknown!
   Area for cell type $_ANDNOT_ is unknown!
   Area for cell type $_ORNOT_ is unknown!
   Area for cell type $_MUX_ is unknown!
   Area for cell type \AMUX2_3V is unknown!

   Chip area for module '\design_mux': 1208.659200
     of which used for sequential elements: 1208.659200 (100.00%)

