125. Printing statistics.

=== design_mux ===

   Number of wires:                229
   Number of wire bits:            266
   Number of public wires:          26
   Number of public wire bits:      59
   Number of ports:                  8
   Number of port bits:             11
   Number of memories:               0
   Number of memory bits:            0
   Number of processes:              0
   Number of cells:                251
     $_ANDNOT_                      33
     $_AND_                         15
     $_DFFE_NP0P_                    9
     $_DFFE_PP0P_                   30
     $_DFFE_PP1P_                    4
     $_DFF_PP0_                      2
     $_DFF_PP1_                      1
     $_MUX_                         35
     $_NAND_                         5
     $_NOR_                         18
     $_NOT_                         12
     $_ORNOT_                       21
     $_OR_                          54
     $_XNOR_                         1
     $_XOR_                         10
     AMUX2_3V                        1

   Area for cell type $_NOT_ is unknown!
   Area for cell type $_AND_ is unknown!
   Area for cell type $_NAND_ is unknown!
   Area for cell type $_OR_ is unknown!
   Area for cell type $_NOR_ is unknown!
   Area for cell type $_XOR_ is unknown!
   Area for cell type $_XNOR_ is unknown!
   Area for cell type $_ANDNOT_ is unknown!
   Area for cell type $_ORNOT_ is unknown!
   Area for cell type $_MUX_ is unknown!
   Area for cell type $_DFF_PP0_ is unknown!
   Area for cell type $_DFF_PP1_ is unknown!
   Area for cell type $_DFFE_NP0P_ is unknown!
   Area for cell type $_DFFE_PP0P_ is unknown!
   Area for cell type $_DFFE_PP1P_ is unknown!
   Area for cell type \AMUX2_3V is unknown!

