Starting…
Running 'Verilator.Lint' at 'runs/RUN_2026-06-14_12-25-22/01-verilator-lint'…
Logging subprocess to [repr.filename]'runs/RUN_2026-06-14_12-25-22/01-verilator-lint/verilator-lint.log'[/repr.filename]…
Running 'Checker.LintTimingConstructs' at 'runs/RUN_2026-06-14_12-25-22/02-checker-linttimingconstructs'…
Check for Lint Timing Errors clear.
Running 'Checker.LintErrors' at 'runs/RUN_2026-06-14_12-25-22/03-checker-linterrors'…
Check for Lint errors clear.
Running 'Checker.LintWarnings' at 'runs/RUN_2026-06-14_12-25-22/04-checker-lintwarnings'…
15 Lint warnings found.
Running 'Yosys.JsonHeader' at 'runs/RUN_2026-06-14_12-25-22/05-yosys-jsonheader'…
Logging subprocess to [repr.filename]'runs/RUN_2026-06-14_12-25-22/05-yosys-jsonheader/yosys-jsonheader.log'[/repr.filename]…
Running 'Yosys.Synthesis' at 'runs/RUN_2026-06-14_12-25-22/06-yosys-synthesis'…
Logging subprocess to [repr.filename]'runs/RUN_2026-06-14_12-25-22/06-yosys-synthesis/yosys-synthesis.log'[/repr.filename]…
Parsing synthesis checks…
Running 'Checker.YosysUnmappedCells' at 'runs/RUN_2026-06-14_12-25-22/07-checker-yosysunmappedcells'…
Check for Unmapped Yosys instances clear.
Running 'Checker.YosysSynthChecks' at 'runs/RUN_2026-06-14_12-25-22/08-checker-yosyssynthchecks'…
Check for Yosys check errors clear.
Running 'Checker.NetlistAssignStatements' at 'runs/RUN_2026-06-14_12-25-22/09-checker-netlistassignstatements'…
Running 'OpenROAD.CheckSDCFiles' at 'runs/RUN_2026-06-14_12-25-22/10-openroad-checksdcfiles'…
'PNR_SDC_FILE' is not defined. Using generic fallback SDC for OpenROAD PnR steps.
'SIGNOFF_SDC_FILE' is not defined. Using generic fallback SDC for OpenROAD PnR steps.
Running 'OpenROAD.CheckMacroInstances' at 'runs/RUN_2026-06-14_12-25-22/11-openroad-checkmacroinstances'…
No macros found, skipping instance check…
Running 'OpenROAD.STAPrePNR' at 'runs/RUN_2026-06-14_12-25-22/12-openroad-staprepnr'…
Starting STA for the nom_tt_025C_1v80 timing corner…
Starting STA for the nom_ss_100C_1v60 timing corner…
Logging subprocess to [repr.filename]'runs/RUN_2026-06-14_12-25-22/12-openroad-staprepnr/nom_tt_025C_1v80/sta.log'[/repr.filename]…
Starting STA for the nom_ff_n40C_1v95 timing corner…
Skipping corner min_tt_025C_1v80 for STA (identical to nom_tt_025C_1v80 at this stage)…
Skipping corner min_ss_100C_1v60 for STA (identical to nom_ss_100C_1v60 at this stage)…
Skipping corner min_ff_n40C_1v95 for STA (identical to nom_ff_n40C_1v95 at this stage)…
Logging subprocess to [repr.filename]'runs/RUN_2026-06-14_12-25-22/12-openroad-staprepnr/nom_ss_100C_1v60/sta.log'[/repr.filename]…
Skipping corner max_tt_025C_1v80 for STA (identical to nom_tt_025C_1v80 at this stage)…
Skipping corner max_ss_100C_1v60 for STA (identical to nom_ss_100C_1v60 at this stage)…
Skipping corner max_ff_n40C_1v95 for STA (identical to nom_ff_n40C_1v95 at this stage)…
Logging subprocess to [repr.filename]'runs/RUN_2026-06-14_12-25-22/12-openroad-staprepnr/nom_ff_n40C_1v95/sta.log'[/repr.filename]…
Finished STA for the nom_tt_025C_1v80 timing corner.
Finished STA for the nom_ss_100C_1v60 timing corner.
Finished STA for the nom_ff_n40C_1v95 timing corner.
Running 'OpenROAD.Floorplan' at 'runs/RUN_2026-06-14_12-25-22/13-openroad-floorplan'…
Logging subprocess to [repr.filename]'runs/RUN_2026-06-14_12-25-22/13-openroad-floorplan/openroad-floorplan.log'[/repr.filename]…
Running 'Odb.CheckMacroAntennaProperties' at 'runs/RUN_2026-06-14_12-25-22/14-odb-checkmacroantennaproperties'…
No cells provided, skipping…
Running 'Odb.SetPowerConnections' at 'runs/RUN_2026-06-14_12-25-22/15-odb-setpowerconnections'…
Logging subprocess to [repr.filename]'runs/RUN_2026-06-14_12-25-22/15-odb-setpowerconnections/odb-setpowerconnections.log'[/repr.filename]…
Running 'Odb.ManualMacroPlacement' at 'runs/RUN_2026-06-14_12-25-22/16-odb-manualmacroplacement'…
No instances found, skipping 'Odb.ManualMacroPlacement'…
Running 'OpenROAD.CutRows' at 'runs/RUN_2026-06-14_12-25-22/17-openroad-cutrows'…
Logging subprocess to [repr.filename]'runs/RUN_2026-06-14_12-25-22/17-openroad-cutrows/openroad-cutrows.log'[/repr.filename]…
Running 'OpenROAD.TapEndcapInsertion' at 'runs/RUN_2026-06-14_12-25-22/18-openroad-tapendcapinsertion'…
Logging subprocess to [repr.filename]'runs/RUN_2026-06-14_12-25-22/18-openroad-tapendcapinsertion/openroad-tapendcapinsertion.log'[/repr.filename]…
Running 'Odb.AddPDNObstructions' at 'runs/RUN_2026-06-14_12-25-22/19-odb-addpdnobstructions'…
'PDN_OBSTRUCTIONS' is not defined. Skipping 'Odb.AddPDNObstructions'…
Running 'OpenROAD.GeneratePDN' at 'runs/RUN_2026-06-14_12-25-22/20-openroad-generatepdn'…
'FP_PDN_CFG' not explicitly set, setting it to /nix/store/iah2c26wzpgdvqc1jv2xxg55xq5km74d-python3-3.11.9-env/lib/python3.11/site-packages/librelane/scripts/openroad/common/pdn_cfg.tcl…
Logging subprocess to [repr.filename]'runs/RUN_2026-06-14_12-25-22/20-openroad-generatepdn/openroad-generatepdn.log'[/repr.filename]…
Running 'Odb.RemovePDNObstructions' at 'runs/RUN_2026-06-14_12-25-22/21-odb-removepdnobstructions'…
'PDN_OBSTRUCTIONS' is not defined. Skipping 'Odb.RemovePDNObstructions'…
Running 'Odb.AddRoutingObstructions' at 'runs/RUN_2026-06-14_12-25-22/22-odb-addroutingobstructions'…
'ROUTING_OBSTRUCTIONS' is not defined. Skipping 'Odb.AddRoutingObstructions'…
Running 'OpenROAD.GlobalPlacementSkipIO' at 'runs/RUN_2026-06-14_12-25-22/23-openroad-globalplacementskipio'…
Logging subprocess to [repr.filename]'runs/RUN_2026-06-14_12-25-22/23-openroad-globalplacementskipio/openroad-globalplacementskipio.log'[/repr.filename]…
Running 'OpenROAD.IOPlacement' at 'runs/RUN_2026-06-14_12-25-22/24-openroad-ioplacement'…
Logging subprocess to [repr.filename]'runs/RUN_2026-06-14_12-25-22/24-openroad-ioplacement/openroad-ioplacement.log'[/repr.filename]…
Running 'Odb.CustomIOPlacement' at 'runs/RUN_2026-06-14_12-25-22/25-odb-customioplacement'…
No custom floorplan file configured, skipping…
Running 'Odb.ApplyDEFTemplate' at 'runs/RUN_2026-06-14_12-25-22/26-odb-applydeftemplate'…
No DEF template provided, skipping…
Running 'OpenROAD.GlobalPlacement' at 'runs/RUN_2026-06-14_12-25-22/27-openroad-globalplacement'…
Logging subprocess to [repr.filename]'runs/RUN_2026-06-14_12-25-22/27-openroad-globalplacement/openroad-globalplacement.log'[/repr.filename]…
[GPL-0102] Timing-driven: no slacks found. Timing-driven mode disabled.
Running 'Odb.WriteVerilogHeader' at 'runs/RUN_2026-06-14_12-25-22/28-odb-writeverilogheader'…
Logging subprocess to [repr.filename]'runs/RUN_2026-06-14_12-25-22/28-odb-writeverilogheader/odb-writeverilogheader.log'[/repr.filename]…
Running 'Checker.PowerGridViolations' at 'runs/RUN_2026-06-14_12-25-22/29-checker-powergridviolations'…
Check for power grid violations (as reported by OpenROAD PSM- you may ignore these if LVS passes) clear.
Running 'OpenROAD.STAMidPNR' at 'runs/RUN_2026-06-14_12-25-22/30-openroad-stamidpnr'…
Logging subprocess to [repr.filename]'runs/RUN_2026-06-14_12-25-22/30-openroad-stamidpnr/openroad-stamidpnr.log'[/repr.filename]…
[GRT-0097] No global routing found for nets.
Running 'OpenROAD.RepairDesignPostGPL' at 'runs/RUN_2026-06-14_12-25-22/31-openroad-repairdesignpostgpl'…
Logging subprocess to [repr.filename]'runs/RUN_2026-06-14_12-25-22/31-openroad-repairdesignpostgpl/openroad-repairdesignpostgpl.log'[/repr.filename]…
[STA-1140] /home/chinmaya24163/MixedSignal_Task1/reproduction/design_mux/AMUX2_3V.lib line 2, library AMUX2_3V already exists.
[STA-1140] /home/chinmaya24163/MixedSignal_Task1/reproduction/design_mux/AMUX2_3V.lib line 2, library AMUX2_3V already exists.
[RSZ-0020] found 2 floating nets.
Running 'Odb.ManualGlobalPlacement' at 'runs/RUN_2026-06-14_12-25-22/32-odb-manualglobalplacement'…
'MANUAL_GLOBAL_PLACEMENTS' not set, skipping…
Running 'OpenROAD.DetailedPlacement' at 'runs/RUN_2026-06-14_12-25-22/33-openroad-detailedplacement'…
Logging subprocess to [repr.filename]'runs/RUN_2026-06-14_12-25-22/33-openroad-detailedplacement/openroad-detailedplacement.log'[/repr.filename]…
Running 'OpenROAD.CTS' at 'runs/RUN_2026-06-14_12-25-22/34-openroad-cts'…
Logging subprocess to [repr.filename]'runs/RUN_2026-06-14_12-25-22/34-openroad-cts/openroad-cts.log'[/repr.filename]…
[STA-1140] /home/chinmaya24163/MixedSignal_Task1/reproduction/design_mux/AMUX2_3V.lib line 2, library AMUX2_3V already exists.
[STA-1140] /home/chinmaya24163/MixedSignal_Task1/reproduction/design_mux/AMUX2_3V.lib line 2, library AMUX2_3V already exists.
[CTS-0041] Net "select" has 1 sinks. Skipping...
[CTS-0083] No clock nets have been found.
[CTS-0082] No valid clock nets in the design.
Running 'OpenROAD.STAMidPNR-1' at 'runs/RUN_2026-06-14_12-25-22/35-openroad-stamidpnr-1'…
Logging subprocess to [repr.filename]'runs/RUN_2026-06-14_12-25-22/35-openroad-stamidpnr-1/openroad-stamidpnr-1.log'[/repr.filename]…
[GRT-0097] No global routing found for nets.
Running 'OpenROAD.ResizerTimingPostCTS' at 'runs/RUN_2026-06-14_12-25-22/36-openroad-resizertimingpostcts'…
Logging subprocess to [repr.filename]'runs/RUN_2026-06-14_12-25-22/36-openroad-resizertimingpostcts/openroad-resizertimingpostcts.log'[/repr.filename]…
[STA-1140] /home/chinmaya24163/MixedSignal_Task1/reproduction/design_mux/AMUX2_3V.lib line 2, library AMUX2_3V already exists.
[STA-1140] /home/chinmaya24163/MixedSignal_Task1/reproduction/design_mux/AMUX2_3V.lib line 2, library AMUX2_3V already exists.
Running 'OpenROAD.STAMidPNR-2' at 'runs/RUN_2026-06-14_12-25-22/37-openroad-stamidpnr-2'…
Logging subprocess to [repr.filename]'runs/RUN_2026-06-14_12-25-22/37-openroad-stamidpnr-2/openroad-stamidpnr-2.log'[/repr.filename]…
[GRT-0097] No global routing found for nets.
Running 'OpenROAD.GlobalRouting' at 'runs/RUN_2026-06-14_12-25-22/38-openroad-globalrouting'…
Logging subprocess to [repr.filename]'runs/RUN_2026-06-14_12-25-22/38-openroad-globalrouting/openroad-globalrouting.log'[/repr.filename]…
Running 'OpenROAD.CheckAntennas' at 'runs/RUN_2026-06-14_12-25-22/39-openroad-checkantennas'…
Logging subprocess to [repr.filename]'runs/RUN_2026-06-14_12-25-22/39-openroad-checkantennas/openroad-checkantennas.log'[/repr.filename]…
Gating variable for step 'OpenROAD.RepairDesignPostGRT' set to 'False'- the step will be skipped.
Skipping step 'Repair Design (Post-Global Routing)'…
Running 'Odb.DiodesOnPorts' at 'runs/RUN_2026-06-14_12-25-22/40-odb-diodesonports'…
'DIODE_ON_PORTS' is set to 'none': skipping…
Gating variable for step 'Odb.HeuristicDiodeInsertion' set to 'False'- the step will be skipped.
Skipping step 'Heuristic Diode Insertion'…
Running 'OpenROAD.RepairAntennas' at 'runs/RUN_2026-06-14_12-25-22/41-openroad-repairantennas'…
Running 'DiodeInsertion' at 'runs/RUN_2026-06-14_12-25-22/41-openroad-repairantennas/1-diodeinsertion'…
Logging subprocess to [repr.filename]'runs/RUN_2026-06-14_12-25-22/41-openroad-repairantennas/1-diodeinsertion/diodeinsertion.log'[/repr.filename]…
Running 'OpenROAD.CheckAntennas' at 'runs/RUN_2026-06-14_12-25-22/41-openroad-repairantennas/2-openroad-checkantennas'…
Logging subprocess to [repr.filename]'runs/RUN_2026-06-14_12-25-22/41-openroad-repairantennas/2-openroad-checkantennas/openroad-checkantennas.log'[/repr.filename]…
Gating variable for step 'OpenROAD.ResizerTimingPostGRT' set to 'False'- the step will be skipped.
Skipping step 'Resizer Timing Optimizations (Post-Global Routing)'…
Running 'OpenROAD.STAMidPNR-3' at 'runs/RUN_2026-06-14_12-25-22/42-openroad-stamidpnr-3'…
Logging subprocess to [repr.filename]'runs/RUN_2026-06-14_12-25-22/42-openroad-stamidpnr-3/openroad-stamidpnr-3.log'[/repr.filename]…
Running 'OpenROAD.DetailedRouting' at 'runs/RUN_2026-06-14_12-25-22/43-openroad-detailedrouting'…
Running TritonRoute with 16 threads…
Logging subprocess to [repr.filename]'runs/RUN_2026-06-14_12-25-22/43-openroad-detailedrouting/openroad-detailedrouting.log'[/repr.filename]…
[DRT-0349] LEF58_ENCLOSURE with no CUTCLASS is not supported. Skipping for layer mcon
[DRT-0349] LEF58_ENCLOSURE with no CUTCLASS is not supported. Skipping for layer mcon
[DRT-0349] LEF58_ENCLOSURE with no CUTCLASS is not supported. Skipping for layer via
[DRT-0349] LEF58_ENCLOSURE with no CUTCLASS is not supported. Skipping for layer via
[DRT-0349] LEF58_ENCLOSURE with no CUTCLASS is not supported. Skipping for layer via2
[DRT-0349] LEF58_ENCLOSURE with no CUTCLASS is not supported. Skipping for layer via2
[DRT-0349] LEF58_ENCLOSURE with no CUTCLASS is not supported. Skipping for layer via3
[DRT-0349] LEF58_ENCLOSURE with no CUTCLASS is not supported. Skipping for layer via3
[DRT-0349] LEF58_ENCLOSURE with no CUTCLASS is not supported. Skipping for layer via4
[DRT-0349] LEF58_ENCLOSURE with no CUTCLASS is not supported. Skipping for layer via4
Running 'Odb.RemoveRoutingObstructions' at 'runs/RUN_2026-06-14_12-25-22/44-odb-removeroutingobstructions'…
'ROUTING_OBSTRUCTIONS' is not defined. Skipping 'Odb.RemoveRoutingObstructions'…
Running 'OpenROAD.CheckAntennas-1' at 'runs/RUN_2026-06-14_12-25-22/45-openroad-checkantennas-1'…
Logging subprocess to [repr.filename]'runs/RUN_2026-06-14_12-25-22/45-openroad-checkantennas-1/openroad-checkantennas-1.log'[/repr.filename]…
Running 'Checker.TrDRC' at 'runs/RUN_2026-06-14_12-25-22/46-checker-trdrc'…
Check for Routing DRC errors clear.
Running 'Odb.ReportDisconnectedPins' at 'runs/RUN_2026-06-14_12-25-22/47-odb-reportdisconnectedpins'…
Logging subprocess to [repr.filename]'runs/RUN_2026-06-14_12-25-22/47-odb-reportdisconnectedpins/odb-reportdisconnectedpins.log'[/repr.filename]…
Running 'Checker.DisconnectedPins' at 'runs/RUN_2026-06-14_12-25-22/48-checker-disconnectedpins'…
Check for critical disconnected pins clear.
Running 'Odb.ReportWireLength' at 'runs/RUN_2026-06-14_12-25-22/49-odb-reportwirelength'…
Logging subprocess to [repr.filename]'runs/RUN_2026-06-14_12-25-22/49-odb-reportwirelength/odb-reportwirelength.log'[/repr.filename]…
Running 'Checker.WireLength' at 'runs/RUN_2026-06-14_12-25-22/50-checker-wirelength'…
Threshold for Threshold-surpassing long wires is not set. The checker will be skipped.
Running 'OpenROAD.FillInsertion' at 'runs/RUN_2026-06-14_12-25-22/51-openroad-fillinsertion'…
Logging subprocess to [repr.filename]'runs/RUN_2026-06-14_12-25-22/51-openroad-fillinsertion/openroad-fillinsertion.log'[/repr.filename]…
Running 'Odb.CellFrequencyTables' at 'runs/RUN_2026-06-14_12-25-22/52-odb-cellfrequencytables'…
Logging subprocess to [repr.filename]'runs/RUN_2026-06-14_12-25-22/52-odb-cellfrequencytables/buffer_list.txt'[/repr.filename]…
Logging subprocess to [repr.filename]'runs/RUN_2026-06-14_12-25-22/52-odb-cellfrequencytables/odb-cellfrequencytables.log'[/repr.filename]…
Running 'OpenROAD.RCX' at 'runs/RUN_2026-06-14_12-25-22/53-openroad-rcx'…
Running RCX for corners matching nom_* (/home/chinmaya24163/MixedSignal_Task1/reproduction/design_mux/runs/RUN_2026-06-14_12-25-22/53-openroad-rcx/nom/rcx.log)…
Running RCX for corners matching min_* (/home/chinmaya24163/MixedSignal_Task1/reproduction/design_mux/runs/RUN_2026-06-14_12-25-22/53-openroad-rcx/min/rcx.log)…
Running RCX for corners matching max_* (/home/chinmaya24163/MixedSignal_Task1/reproduction/design_mux/runs/RUN_2026-06-14_12-25-22/53-openroad-rcx/max/rcx.log)…
Logging subprocess to [repr.filename]'runs/RUN_2026-06-14_12-25-22/53-openroad-rcx/nom/rcx.log'[/repr.filename]…
Logging subprocess to [repr.filename]'runs/RUN_2026-06-14_12-25-22/53-openroad-rcx/min/rcx.log'[/repr.filename]…
Logging subprocess to [repr.filename]'runs/RUN_2026-06-14_12-25-22/53-openroad-rcx/max/rcx.log'[/repr.filename]…
Finished RCX for corners matching min_*.
Finished RCX for corners matching nom_*.
Finished RCX for corners matching max_*.
Running 'OpenROAD.STAPostPNR' at 'runs/RUN_2026-06-14_12-25-22/54-openroad-stapostpnr'…
Starting STA for the nom_tt_025C_1v80 timing corner…
Starting STA for the nom_ss_100C_1v60 timing corner…
Starting STA for the nom_ff_n40C_1v95 timing corner…
Starting STA for the min_tt_025C_1v80 timing corner…
Logging subprocess to [repr.filename]'runs/RUN_2026-06-14_12-25-22/54-openroad-stapostpnr/nom_tt_025C_1v80/sta.log'[/repr.filename]…
Starting STA for the min_ss_100C_1v60 timing corner…
Starting STA for the min_ff_n40C_1v95 timing corner…
Logging subprocess to [repr.filename]'runs/RUN_2026-06-14_12-25-22/54-openroad-stapostpnr/nom_ss_100C_1v60/sta.log'[/repr.filename]…
Starting STA for the max_tt_025C_1v80 timing corner…
Starting STA for the max_ss_100C_1v60 timing corner…
Starting STA for the max_ff_n40C_1v95 timing corner…
Logging subprocess to [repr.filename]'runs/RUN_2026-06-14_12-25-22/54-openroad-stapostpnr/min_tt_025C_1v80/sta.log'[/repr.filename]…
Logging subprocess to [repr.filename]'runs/RUN_2026-06-14_12-25-22/54-openroad-stapostpnr/nom_ff_n40C_1v95/sta.log'[/repr.filename]…
Logging subprocess to [repr.filename]'runs/RUN_2026-06-14_12-25-22/54-openroad-stapostpnr/min_ff_n40C_1v95/sta.log'[/repr.filename]…
Logging subprocess to [repr.filename]'runs/RUN_2026-06-14_12-25-22/54-openroad-stapostpnr/max_ss_100C_1v60/sta.log'[/repr.filename]…
Logging subprocess to [repr.filename]'runs/RUN_2026-06-14_12-25-22/54-openroad-stapostpnr/min_ss_100C_1v60/sta.log'[/repr.filename]…
Logging subprocess to [repr.filename]'runs/RUN_2026-06-14_12-25-22/54-openroad-stapostpnr/max_tt_025C_1v80/sta.log'[/repr.filename]…
Logging subprocess to [repr.filename]'runs/RUN_2026-06-14_12-25-22/54-openroad-stapostpnr/max_ff_n40C_1v95/sta.log'[/repr.filename]…
Finished STA for the nom_tt_025C_1v80 timing corner.
Logging subprocess to [repr.filename]'runs/RUN_2026-06-14_12-25-22/54-openroad-stapostpnr/nom_tt_025C_1v80/filter_unannotated.log'[/repr.filename]…
Finished STA for the max_tt_025C_1v80 timing corner.
Logging subprocess to [repr.filename]'runs/RUN_2026-06-14_12-25-22/54-openroad-stapostpnr/max_tt_025C_1v80/filter_unannotated.log'[/repr.filename]…
Finished STA for the nom_ss_100C_1v60 timing corner.
Finished STA for the max_ss_100C_1v60 timing corner.
Finished STA for the min_tt_025C_1v80 timing corner.
Finished STA for the min_ss_100C_1v60 timing corner.
Logging subprocess to [repr.filename]'runs/RUN_2026-06-14_12-25-22/54-openroad-stapostpnr/max_ss_100C_1v60/filter_unannotated.log'[/repr.filename]…
Logging subprocess to [repr.filename]'runs/RUN_2026-06-14_12-25-22/54-openroad-stapostpnr/min_tt_025C_1v80/filter_unannotated.log'[/repr.filename]…
Logging subprocess to [repr.filename]'runs/RUN_2026-06-14_12-25-22/54-openroad-stapostpnr/nom_ss_100C_1v60/filter_unannotated.log'[/repr.filename]…
Logging subprocess to [repr.filename]'runs/RUN_2026-06-14_12-25-22/54-openroad-stapostpnr/min_ss_100C_1v60/filter_unannotated.log'[/repr.filename]…
Finished STA for the max_ff_n40C_1v95 timing corner.
Logging subprocess to [repr.filename]'runs/RUN_2026-06-14_12-25-22/54-openroad-stapostpnr/max_ff_n40C_1v95/filter_unannotated.log'[/repr.filename]…
Finished STA for the min_ff_n40C_1v95 timing corner.
Logging subprocess to [repr.filename]'runs/RUN_2026-06-14_12-25-22/54-openroad-stapostpnr/min_ff_n40C_1v95/filter_unannotated.log'[/repr.filename]…
Finished STA for the nom_ff_n40C_1v95 timing corner.
Logging subprocess to [repr.filename]'runs/RUN_2026-06-14_12-25-22/54-openroad-stapostpnr/nom_ff_n40C_1v95/filter_unannotated.log'[/repr.filename]…
Gating variable for step 'OpenROAD.IRDropReport' set to 'False'- the step will be skipped.
Skipping step 'IR Drop Report'…
Running 'Magic.StreamOut' at 'runs/RUN_2026-06-14_12-25-22/55-magic-streamout'…
Logging subprocess to [repr.filename]'runs/RUN_2026-06-14_12-25-22/55-magic-streamout/magic-streamout.log'[/repr.filename]…
DEF read, Line 91 (Error): Cell AMUX2_3V is not defined.  Maybe you have not read the corresponding LEF file?

