Reading library file at '/home/chinmaya24163/.volare/volare/sky130/versions/6d4d11780c40b20ee63cc98e645307a9bf2b2ab8/sky130A/libs.ref/sky130_fd_sc_hd/lib/sky130_fd_sc_hd__tt_025C_1v80.lib'…
Reading extra library file at '/home/chinmaya24163/MixedSignal_Task1/reproduction/design_mux/AMUX2_3V.lib'…
Reading technology LEF file at '/home/chinmaya24163/.volare/volare/sky130/versions/6d4d11780c40b20ee63cc98e645307a9bf2b2ab8/sky130A/libs.ref/sky130_fd_sc_hd/techlef/sky130_fd_sc_hd__nom.tlef'…
[INFO ODB-0227] LEF file: /home/chinmaya24163/.volare/volare/sky130/versions/6d4d11780c40b20ee63cc98e645307a9bf2b2ab8/sky130A/libs.ref/sky130_fd_sc_hd/techlef/sky130_fd_sc_hd__nom.tlef, created 14 layers, 25 vias
Reading cell LEF file at '/home/chinmaya24163/.volare/volare/sky130/versions/6d4d11780c40b20ee63cc98e645307a9bf2b2ab8/sky130A/libs.ref/sky130_fd_sc_hd/lef/sky130_ef_sc_hd.lef'…
[WARNING ODB-0220] WARNING (LEFPARS-2008): NOWIREEXTENSIONATPIN statement is obsolete in version 5.6 or later.
The NOWIREEXTENSIONATPIN statement will be ignored. See file /home/chinmaya24163/.volare/volare/sky130/versions/6d4d11780c40b20ee63cc98e645307a9bf2b2ab8/sky130A/libs.ref/sky130_fd_sc_hd/lef/sky130_ef_sc_hd.lef at line 2.

[INFO ODB-0227] LEF file: /home/chinmaya24163/.volare/volare/sky130/versions/6d4d11780c40b20ee63cc98e645307a9bf2b2ab8/sky130A/libs.ref/sky130_fd_sc_hd/lef/sky130_ef_sc_hd.lef, created 4 library cells
Reading cell LEF file at '/home/chinmaya24163/.volare/volare/sky130/versions/6d4d11780c40b20ee63cc98e645307a9bf2b2ab8/sky130A/libs.ref/sky130_fd_sc_hd/lef/sky130_fd_sc_hd.lef'…
[WARNING ODB-0220] WARNING (LEFPARS-2008): NOWIREEXTENSIONATPIN statement is obsolete in version 5.6 or later.
The NOWIREEXTENSIONATPIN statement will be ignored. See file /home/chinmaya24163/.volare/volare/sky130/versions/6d4d11780c40b20ee63cc98e645307a9bf2b2ab8/sky130A/libs.ref/sky130_fd_sc_hd/lef/sky130_fd_sc_hd.lef at line 2.

[INFO ODB-0227] LEF file: /home/chinmaya24163/.volare/volare/sky130/versions/6d4d11780c40b20ee63cc98e645307a9bf2b2ab8/sky130A/libs.ref/sky130_fd_sc_hd/lef/sky130_fd_sc_hd.lef, created 437 library cells
Reading extra LEF file at '/home/chinmaya24163/MixedSignal_Task1/reproduction/design_mux/AMUX2_3V.lef'…
[WARNING ODB-0220] WARNING (LEFPARS-2008): NOWIREEXTENSIONATPIN statement is obsolete in version 5.6 or later.
The NOWIREEXTENSIONATPIN statement will be ignored. See file /home/chinmaya24163/MixedSignal_Task1/reproduction/design_mux/AMUX2_3V.lef at line 2.

[INFO ODB-0227] LEF file: /home/chinmaya24163/MixedSignal_Task1/reproduction/design_mux/AMUX2_3V.lef, created 1 library cells
Reading top-level netlist at '/home/chinmaya24163/MixedSignal_Task1/reproduction/design_mux/runs/RUN_2026-06-14_12-25-22/06-yosys-synthesis/design_mux.nl.v'…
Linking design 'design_mux' from netlist…
Reading design constraints file at '/nix/store/iah2c26wzpgdvqc1jv2xxg55xq5km74d-python3-3.11.9-env/lib/python3.11/site-packages/librelane/scripts/base.sdc'…
[INFO] Using clock select…
[INFO] Setting output delay to: 2
[INFO] Setting input delay to: 2
[INFO] Setting load to: 0.033442
[INFO] Setting clock uncertainty to: 0.25
[INFO] Setting clock transition to: 0.1499999999999999944488848768742172978818416595458984375
[INFO] Setting timing derate to: 5%
Using site height: 2.72 and site width: 0.46…
[INFO] Using relative sizing for the floorplan.
[INFO IFP-0001] Added 43 rows of 257 site unithd.
[INFO IFP-0001] Added 21 rows of 257 site unithddbl.
[INFO IFP-0030] Inserted 0 tiecells using sky130_fd_sc_hd__conb_1/LO.
[INFO IFP-0030] Inserted 0 tiecells using sky130_fd_sc_hd__conb_1/HI.
[INFO] Extracting DIE_AREA and CORE_AREA from the floorplan
[INFO] Floorplanned on a die area of 0.0 0.0 129.63 140.35 (µm).
[INFO] Floorplanned on a core area of 5.52 10.88 123.74 127.84 (µm).
Writing metric design__die__bbox: 0.0 0.0 129.63 140.35
Writing metric design__core__bbox: 5.52 10.88 123.74 127.84
Setting global connections for newly added cells…
[INFO] Setting global connections...
AMUX2_3V matched with AMUX2_3V
Updating metrics…
Cell type report:                       Count       Area
  Inverter                                 61     228.97
  Sequential cell                          46    1208.66
  Multi-Input combinational cell          141    1375.07
  Total                                   248    2812.70
Writing OpenROAD database to '/home/chinmaya24163/MixedSignal_Task1/reproduction/design_mux/runs/RUN_2026-06-14_12-25-22/13-openroad-floorplan/design_mux.odb'…
Writing netlist to '/home/chinmaya24163/MixedSignal_Task1/reproduction/design_mux/runs/RUN_2026-06-14_12-25-22/13-openroad-floorplan/design_mux.nl.v'…
Writing powered netlist to '/home/chinmaya24163/MixedSignal_Task1/reproduction/design_mux/runs/RUN_2026-06-14_12-25-22/13-openroad-floorplan/design_mux.pnl.v'…
Writing layout to '/home/chinmaya24163/MixedSignal_Task1/reproduction/design_mux/runs/RUN_2026-06-14_12-25-22/13-openroad-floorplan/design_mux.def'…
Writing timing constraints to '/home/chinmaya24163/MixedSignal_Task1/reproduction/design_mux/runs/RUN_2026-06-14_12-25-22/13-openroad-floorplan/design_mux.sdc'…
