Reading OpenROAD database at '/home/chinmaya24163/MixedSignal_Task1/reproduction/design_mux/runs/RUN_2026-06-14_12-25-22/41-openroad-repairantennas/1-diodeinsertion/design_mux.odb'…
Reading library file at '/home/chinmaya24163/.volare/volare/sky130/versions/6d4d11780c40b20ee63cc98e645307a9bf2b2ab8/sky130A/libs.ref/sky130_fd_sc_hd/lib/sky130_fd_sc_hd__tt_025C_1v80.lib'…
Reading extra library file at '/home/chinmaya24163/MixedSignal_Task1/reproduction/design_mux/AMUX2_3V.lib'…
Reading design constraints file at '/nix/store/iah2c26wzpgdvqc1jv2xxg55xq5km74d-python3-3.11.9-env/lib/python3.11/site-packages/librelane/scripts/base.sdc'…
[INFO] Using clock select…
[INFO] Setting output delay to: 2
[INFO] Setting input delay to: 2
[INFO] Setting load to: 0.033442
[INFO] Setting clock uncertainty to: 0.25
[INFO] Setting clock transition to: 0.1499999999999999944488848768742172978818416595458984375
[INFO] Setting timing derate to: 5%
[INFO ORD-0030] Using 16 thread(s).
[INFO DRT-0149] Reading tech and libs.
[WARNING DRT-0349] LEF58_ENCLOSURE with no CUTCLASS is not supported. Skipping for layer mcon
[WARNING DRT-0349] LEF58_ENCLOSURE with no CUTCLASS is not supported. Skipping for layer mcon
[WARNING DRT-0349] LEF58_ENCLOSURE with no CUTCLASS is not supported. Skipping for layer via
[WARNING DRT-0349] LEF58_ENCLOSURE with no CUTCLASS is not supported. Skipping for layer via
[WARNING DRT-0349] LEF58_ENCLOSURE with no CUTCLASS is not supported. Skipping for layer via2
[WARNING DRT-0349] LEF58_ENCLOSURE with no CUTCLASS is not supported. Skipping for layer via2
[WARNING DRT-0349] LEF58_ENCLOSURE with no CUTCLASS is not supported. Skipping for layer via3
[WARNING DRT-0349] LEF58_ENCLOSURE with no CUTCLASS is not supported. Skipping for layer via3
[WARNING DRT-0349] LEF58_ENCLOSURE with no CUTCLASS is not supported. Skipping for layer via4
[WARNING DRT-0349] LEF58_ENCLOSURE with no CUTCLASS is not supported. Skipping for layer via4

Units:                1000
Number of layers:     13
Number of macros:     442
Number of vias:       28
Number of viarulegen: 25

[INFO DRT-0150] Reading design.

Design:                   design_mux
Die area:                 ( 0 0 ) ( 129630 140350 )
Number of track patterns: 12
Number of DEF vias:       0
Number of components:     559
Number of terminals:      13
Number of snets:          2
Number of nets:           281

[INFO DRT-0167] List of default vias:
  Layer via
    default via: M1M2_PR
  Layer via2
    default via: M2M3_PR
  Layer via3
    default via: M3M4_PR
  Layer via4
    default via: M4M5_PR
[INFO DRT-0162] Library cell analysis.
[INFO DRT-0163] Instance analysis.
[INFO DRT-0164] Number of unique instances = 109.
[INFO DRT-0168] Init region query.
[INFO DRT-0024]   Complete FR_MASTERSLICE.
[INFO DRT-0024]   Complete licon.
[INFO DRT-0024]   Complete li1.
[INFO DRT-0024]   Complete mcon.
[INFO DRT-0024]   Complete met1.
[INFO DRT-0024]   Complete via.
[INFO DRT-0024]   Complete met2.
[INFO DRT-0024]   Complete via2.
[INFO DRT-0024]   Complete met3.
[INFO DRT-0024]   Complete via3.
[INFO DRT-0024]   Complete met4.
[INFO DRT-0024]   Complete via4.
[INFO DRT-0024]   Complete met5.
[INFO DRT-0033] FR_MASTERSLICE shape region query size = 0.
[INFO DRT-0033] licon shape region query size = 0.
[INFO DRT-0033] li1 shape region query size = 10415.
[INFO DRT-0033] mcon shape region query size = 5654.
[INFO DRT-0033] met1 shape region query size = 1861.
[INFO DRT-0033] via shape region query size = 220.
[INFO DRT-0033] met2 shape region query size = 134.
[INFO DRT-0033] via2 shape region query size = 176.
[INFO DRT-0033] met3 shape region query size = 141.
[INFO DRT-0033] via3 shape region query size = 176.
[INFO DRT-0033] met4 shape region query size = 48.
[INFO DRT-0033] via4 shape region query size = 0.
[INFO DRT-0033] met5 shape region query size = 0.
[INFO DRT-0165] Start pin access.
[INFO DRT-0078]   Complete 386 pins.
[INFO DRT-0079]   Complete 100 unique inst patterns.
[INFO DRT-0081]   Complete 103 unique inst patterns.
[INFO DRT-0084]   Complete 209 groups.
#scanned instances     = 559
#unique  instances     = 109
#stdCellGenAp          = 3003
#stdCellValidPlanarAp  = 39
#stdCellValidViaAp     = 2348
#stdCellPinNoAp        = 0
#stdCellPinCnt         = 925
#instTermValidViaApCnt = 0
#macroGenAp            = 0
#macroValidPlanarAp    = 0
#macroValidViaAp       = 0
#macroNoAp             = 0
[INFO DRT-0166] Complete pin access.
[INFO DRT-0267] cpu time = 00:00:26, elapsed time = 00:00:01, memory = 143.66 (MB), peak = 143.66 (MB)

[INFO DRT-0157] Number of guides:     1957

[INFO DRT-0169] Post process guides.
[INFO DRT-0176] GCELLGRID X 0 DO 18 STEP 6900 ;
[INFO DRT-0177] GCELLGRID Y 0 DO 20 STEP 6900 ;
[INFO DRT-0028]   Complete FR_MASTERSLICE.
[INFO DRT-0028]   Complete licon.
[INFO DRT-0028]   Complete li1.
[INFO DRT-0028]   Complete mcon.
[INFO DRT-0028]   Complete met1.
[INFO DRT-0028]   Complete via.
[INFO DRT-0028]   Complete met2.
[INFO DRT-0028]   Complete via2.
[INFO DRT-0028]   Complete met3.
[INFO DRT-0028]   Complete via3.
[INFO DRT-0028]   Complete met4.
[INFO DRT-0028]   Complete via4.
[INFO DRT-0028]   Complete met5.
[INFO DRT-0178] Init guide query.
[INFO DRT-0035]   Complete FR_MASTERSLICE (guide).
[INFO DRT-0035]   Complete licon (guide).
[INFO DRT-0035]   Complete li1 (guide).
[INFO DRT-0035]   Complete mcon (guide).
[INFO DRT-0035]   Complete met1 (guide).
[INFO DRT-0035]   Complete via (guide).
[INFO DRT-0035]   Complete met2 (guide).
[INFO DRT-0035]   Complete via2 (guide).
[INFO DRT-0035]   Complete met3 (guide).
[INFO DRT-0035]   Complete via3 (guide).
[INFO DRT-0035]   Complete met4 (guide).
[INFO DRT-0035]   Complete via4 (guide).
[INFO DRT-0035]   Complete met5 (guide).
[INFO DRT-0036] FR_MASTERSLICE guide region query size = 0.
[INFO DRT-0036] licon guide region query size = 0.
[INFO DRT-0036] li1 guide region query size = 708.
[INFO DRT-0036] mcon guide region query size = 0.
[INFO DRT-0036] met1 guide region query size = 559.
[INFO DRT-0036] via guide region query size = 0.
[INFO DRT-0036] met2 guide region query size = 273.
[INFO DRT-0036] via2 guide region query size = 0.
[INFO DRT-0036] met3 guide region query size = 9.
[INFO DRT-0036] via3 guide region query size = 0.
[INFO DRT-0036] met4 guide region query size = 0.
[INFO DRT-0036] via4 guide region query size = 0.
[INFO DRT-0036] met5 guide region query size = 0.
[INFO DRT-0179] Init gr pin query.
[INFO DRT-0245] skipped writing guide updates to database.
[INFO DRT-0185] Post process initialize RPin region query.
[INFO DRT-0181] Start track assignment.
[INFO DRT-0184] Done with 981 vertical wires in 1 frboxes and 568 horizontal wires in 1 frboxes.
[INFO DRT-0186] Done with 37 vertical wires in 1 frboxes and 166 horizontal wires in 1 frboxes.
[INFO DRT-0182] Complete track assignment.
[INFO DRT-0267] cpu time = 00:00:01, elapsed time = 00:00:00, memory = 149.03 (MB), peak = 149.03 (MB)
[INFO DRT-0187] Start routing data preparation.
[INFO DRT-0267] cpu time = 00:00:00, elapsed time = 00:00:00, memory = 149.03 (MB), peak = 149.03 (MB)
[INFO DRT-0194] Start detail routing.
[INFO DRT-0195] Start 0th optimization iteration.
    Completing 10% with 0 violations.
    elapsed time = 00:00:00, memory = 149.41 (MB).
    Completing 20% with 0 violations.
    elapsed time = 00:00:00, memory = 162.98 (MB).
    Completing 30% with 0 violations.
    elapsed time = 00:00:00, memory = 159.53 (MB).
    Completing 40% with 0 violations.
    elapsed time = 00:00:00, memory = 155.76 (MB).
    Completing 50% with 30 violations.
    elapsed time = 00:00:00, memory = 168.16 (MB).
    Completing 60% with 30 violations.
    elapsed time = 00:00:00, memory = 162.36 (MB).
    Completing 70% with 57 violations.
    elapsed time = 00:00:00, memory = 178.24 (MB).
    Completing 80% with 57 violations.
    elapsed time = 00:00:01, memory = 179.11 (MB).
    Completing 90% with 64 violations.
    elapsed time = 00:00:01, memory = 192.03 (MB).
    Completing 100% with 75 violations.
    elapsed time = 00:00:01, memory = 192.03 (MB).
[INFO DRT-0199]   Number of violations = 125.
Viol/Layer         li1   mcon   met1   met2   met3
Cut Spacing          0      2      0      0      0
Metal Spacing        7      0     19      1      2
Recheck              0      0     38     12      0
Short                0      0     43      1      0
[INFO DRT-0267] cpu time = 00:00:16, elapsed time = 00:00:01, memory = 543.41 (MB), peak = 543.41 (MB)
Total wire length = 5620 um.
Total wire length on LAYER li1 = 0 um.
Total wire length on LAYER met1 = 3081 um.
Total wire length on LAYER met2 = 2494 um.
Total wire length on LAYER met3 = 44 um.
Total wire length on LAYER met4 = 0 um.
Total wire length on LAYER met5 = 0 um.
Total number of vias = 1803.
Up-via summary (total 1803):

-----------------------
 FR_MASTERSLICE       0
            li1     879
           met1     913
           met2      11
           met3       0
           met4       0
-----------------------
                   1803


[INFO DRT-0195] Start 1st optimization iteration.
    Completing 10% with 125 violations.
    elapsed time = 00:00:00, memory = 558.16 (MB).
    Completing 20% with 125 violations.
    elapsed time = 00:00:00, memory = 559.91 (MB).
    Completing 30% with 125 violations.
    elapsed time = 00:00:00, memory = 562.41 (MB).
    Completing 40% with 68 violations.
    elapsed time = 00:00:00, memory = 562.41 (MB).
    Completing 50% with 68 violations.
    elapsed time = 00:00:00, memory = 562.41 (MB).
    Completing 60% with 68 violations.
    elapsed time = 00:00:00, memory = 589.41 (MB).
    Completing 70% with 16 violations.
    elapsed time = 00:00:00, memory = 589.41 (MB).
    Completing 80% with 16 violations.
    elapsed time = 00:00:01, memory = 589.41 (MB).
    Completing 90% with 14 violations.
    elapsed time = 00:00:01, memory = 601.41 (MB).
    Completing 100% with 7 violations.
    elapsed time = 00:00:01, memory = 610.91 (MB).
[INFO DRT-0199]   Number of violations = 7.
Viol/Layer        met1
Short                7
[INFO DRT-0267] cpu time = 00:00:15, elapsed time = 00:00:01, memory = 611.03 (MB), peak = 611.03 (MB)
Total wire length = 5538 um.
Total wire length on LAYER li1 = 0 um.
Total wire length on LAYER met1 = 3023 um.
Total wire length on LAYER met2 = 2472 um.
Total wire length on LAYER met3 = 43 um.
Total wire length on LAYER met4 = 0 um.
Total wire length on LAYER met5 = 0 um.
Total number of vias = 1794.
Up-via summary (total 1794):

-----------------------
 FR_MASTERSLICE       0
            li1     879
           met1     906
           met2       9
           met3       0
           met4       0
-----------------------
                   1794


[INFO DRT-0195] Start 2nd optimization iteration.
    Completing 10% with 7 violations.
    elapsed time = 00:00:00, memory = 611.03 (MB).
    Completing 20% with 7 violations.
    elapsed time = 00:00:00, memory = 640.66 (MB).
    Completing 30% with 10 violations.
    elapsed time = 00:00:00, memory = 640.66 (MB).
    Completing 40% with 10 violations.
    elapsed time = 00:00:00, memory = 640.66 (MB).
    Completing 50% with 10 violations.
    elapsed time = 00:00:00, memory = 640.66 (MB).
    Completing 60% with 10 violations.
    elapsed time = 00:00:00, memory = 640.66 (MB).
    Completing 70% with 10 violations.
    elapsed time = 00:00:00, memory = 657.03 (MB).
    Completing 80% with 4 violations.
    elapsed time = 00:00:00, memory = 657.03 (MB).
    Completing 90% with 4 violations.
    elapsed time = 00:00:00, memory = 657.03 (MB).
    Completing 100% with 4 violations.
    elapsed time = 00:00:00, memory = 657.03 (MB).
[INFO DRT-0199]   Number of violations = 4.
Viol/Layer        met1
Metal Spacing        1
Short                3
[INFO DRT-0267] cpu time = 00:00:09, elapsed time = 00:00:00, memory = 657.03 (MB), peak = 657.03 (MB)
Total wire length = 5537 um.
Total wire length on LAYER li1 = 0 um.
Total wire length on LAYER met1 = 3012 um.
Total wire length on LAYER met2 = 2482 um.
Total wire length on LAYER met3 = 43 um.
Total wire length on LAYER met4 = 0 um.
Total wire length on LAYER met5 = 0 um.
Total number of vias = 1792.
Up-via summary (total 1792):

-----------------------
 FR_MASTERSLICE       0
            li1     879
           met1     904
           met2       9
           met3       0
           met4       0
-----------------------
                   1792


[INFO DRT-0195] Start 3rd optimization iteration.
    Completing 10% with 4 violations.
    elapsed time = 00:00:00, memory = 657.03 (MB).
    Completing 20% with 4 violations.
    elapsed time = 00:00:00, memory = 657.03 (MB).
    Completing 30% with 4 violations.
    elapsed time = 00:00:00, memory = 657.03 (MB).
    Completing 40% with 4 violations.
    elapsed time = 00:00:00, memory = 657.03 (MB).
    Completing 50% with 4 violations.
    elapsed time = 00:00:00, memory = 657.03 (MB).
    Completing 60% with 4 violations.
    elapsed time = 00:00:00, memory = 657.03 (MB).
    Completing 70% with 4 violations.
    elapsed time = 00:00:00, memory = 657.03 (MB).
    Completing 80% with 4 violations.
    elapsed time = 00:00:00, memory = 657.03 (MB).
    Completing 90% with 4 violations.
    elapsed time = 00:00:00, memory = 681.53 (MB).
    Completing 100% with 0 violations.
    elapsed time = 00:00:00, memory = 681.53 (MB).
[INFO DRT-0199]   Number of violations = 0.
[INFO DRT-0267] cpu time = 00:00:04, elapsed time = 00:00:00, memory = 681.53 (MB), peak = 681.53 (MB)
Total wire length = 5538 um.
Total wire length on LAYER li1 = 0 um.
Total wire length on LAYER met1 = 2989 um.
Total wire length on LAYER met2 = 2486 um.
Total wire length on LAYER met3 = 62 um.
Total wire length on LAYER met4 = 0 um.
Total wire length on LAYER met5 = 0 um.
Total number of vias = 1796.
Up-via summary (total 1796):

-----------------------
 FR_MASTERSLICE       0
            li1     879
           met1     906
           met2      11
           met3       0
           met4       0
-----------------------
                   1796


[INFO DRT-0198] Complete detail routing.
Total wire length = 5538 um.
Total wire length on LAYER li1 = 0 um.
Total wire length on LAYER met1 = 2989 um.
Total wire length on LAYER met2 = 2486 um.
Total wire length on LAYER met3 = 62 um.
Total wire length on LAYER met4 = 0 um.
Total wire length on LAYER met5 = 0 um.
Total number of vias = 1796.
Up-via summary (total 1796):

-----------------------
 FR_MASTERSLICE       0
            li1     879
           met1     906
           met2      11
           met3       0
           met4       0
-----------------------
                   1796


[INFO DRT-0267] cpu time = 00:00:45, elapsed time = 00:00:04, memory = 681.53 (MB), peak = 681.53 (MB)

[INFO DRT-0180] Post processing.
Setting global connections for newly added cells…
[INFO] Setting global connections...
AMUX2_3V matched with AMUX2_3V
Updating metrics…
Cell type report:                       Count       Area
  Fill cell                                86     322.81
  Tap cell                                202     252.74
  Timing Repair Buffer                     23     118.86
  Inverter                                 61     228.97
  Sequential cell                          46    1178.63
  Multi-Input combinational cell          141    1197.40
  Total                                   559    3299.41
Writing OpenROAD database to '/home/chinmaya24163/MixedSignal_Task1/reproduction/design_mux/runs/RUN_2026-06-14_12-25-22/43-openroad-detailedrouting/design_mux.odb'…
Writing netlist to '/home/chinmaya24163/MixedSignal_Task1/reproduction/design_mux/runs/RUN_2026-06-14_12-25-22/43-openroad-detailedrouting/design_mux.nl.v'…
Writing powered netlist to '/home/chinmaya24163/MixedSignal_Task1/reproduction/design_mux/runs/RUN_2026-06-14_12-25-22/43-openroad-detailedrouting/design_mux.pnl.v'…
Writing layout to '/home/chinmaya24163/MixedSignal_Task1/reproduction/design_mux/runs/RUN_2026-06-14_12-25-22/43-openroad-detailedrouting/design_mux.def'…
Writing timing constraints to '/home/chinmaya24163/MixedSignal_Task1/reproduction/design_mux/runs/RUN_2026-06-14_12-25-22/43-openroad-detailedrouting/design_mux.sdc'…
