Reading OpenROAD database at '/home/chinmaya24163/MixedSignal_Task1/reproduction/design_mux/runs/RUN_2026-06-14_12-25-22/24-openroad-ioplacement/design_mux.odb'…
Reading library file at '/home/chinmaya24163/.volare/volare/sky130/versions/6d4d11780c40b20ee63cc98e645307a9bf2b2ab8/sky130A/libs.ref/sky130_fd_sc_hd/lib/sky130_fd_sc_hd__tt_025C_1v80.lib'…
Reading extra library file at '/home/chinmaya24163/MixedSignal_Task1/reproduction/design_mux/AMUX2_3V.lib'…
Reading design constraints file at '/nix/store/iah2c26wzpgdvqc1jv2xxg55xq5km74d-python3-3.11.9-env/lib/python3.11/site-packages/librelane/scripts/base.sdc'…
[INFO] Using clock select…
[INFO] Setting output delay to: 2
[INFO] Setting input delay to: 2
[INFO] Setting load to: 0.033442
[INFO] Setting clock uncertainty to: 0.25
[INFO] Setting clock transition to: 0.1499999999999999944488848768742172978818416595458984375
[INFO] Setting timing derate to: 5%
[INFO] Setting RC values…
[INFO] Setting signal min routing layer to: met1 and clock min routing layer to met1. 
[INFO] Setting signal max routing layer to: met5 and clock max routing layer to met5. 
+ global_placement -density 0.4 -timing_driven -routability_driven -pad_right 0 -pad_left 0 -init_wirelength_coef 0.25
[INFO GPL-0002] DBU: 1000
[INFO GPL-0003] SiteSize: (  0.460  2.720 ) um
[INFO GPL-0004] CoreBBox: (  5.520 10.880 ) ( 123.740 127.840 ) um
[INFO GPL-0006] NumInstances:               536
[INFO GPL-0007] NumPlaceInstances:          248
[INFO GPL-0008] NumFixedInstances:          288
[INFO GPL-0009] NumDummyInstances:            0
[INFO GPL-0010] NumNets:                    258
[INFO GPL-0011] NumPins:                    890
[INFO GPL-0012] DieBBox:  (  0.000  0.000 ) ( 129.630 140.350 ) um
[INFO GPL-0013] CoreBBox: (  5.520 10.880 ) ( 123.740 127.840 ) um
[INFO GPL-0016] CoreArea:             13827.011 um^2
[INFO GPL-0017] NonPlaceInstsArea:      575.552 um^2
[INFO GPL-0018] PlaceInstsArea:        2812.698 um^2
[INFO GPL-0019] Util:                    21.226 %
[INFO GPL-0020] StdInstsArea:          2812.698 um^2
[INFO GPL-0021] MacroInstsArea:           0.000 um^2
[InitialPlace]  Iter: 1 CG residual: 0.00000010 HPWL: 5918265
[InitialPlace]  Iter: 2 CG residual: 0.00000009 HPWL: 3566819
[InitialPlace]  Iter: 3 CG residual: 0.00000007 HPWL: 3548805
[InitialPlace]  Iter: 4 CG residual: 0.00000007 HPWL: 3562593
[InitialPlace]  Iter: 5 CG residual: 0.00000004 HPWL: 3551330
[INFO GPL-0031] FillerInit:NumGCells:       478
[INFO GPL-0032] FillerInit:NumGNets:        258
[INFO GPL-0033] FillerInit:NumGPins:        890
[INFO GPL-0023] TargetDensity:            0.400
[INFO GPL-0024] AvrgPlaceInstArea:       11.342 um^2
[INFO GPL-0025] IdealBinArea:            28.354 um^2
[INFO GPL-0026] IdealBinCnt:                487
[INFO GPL-0027] TotalBinArea:         13827.011 um^2
[INFO GPL-0028] BinCnt:        16     16
[INFO GPL-0029] BinSize: (  7.389  7.310 )
[INFO GPL-0030] NumBins: 256
[NesterovSolve] Iter:    1 overflow: 0.915 HPWL: 1472530
[NesterovSolve] Iter:   10 overflow: 0.870 HPWL: 1764039
[NesterovSolve] Iter:   20 overflow: 0.861 HPWL: 1762614
[NesterovSolve] Iter:   30 overflow: 0.876 HPWL: 1744679
[NesterovSolve] Iter:   40 overflow: 0.877 HPWL: 1721667
[NesterovSolve] Iter:   50 overflow: 0.884 HPWL: 1700799
[NesterovSolve] Iter:   60 overflow: 0.888 HPWL: 1689933
[NesterovSolve] Iter:   70 overflow: 0.889 HPWL: 1685706
[NesterovSolve] Iter:   80 overflow: 0.888 HPWL: 1687964
[NesterovSolve] Iter:   90 overflow: 0.887 HPWL: 1694512
[NesterovSolve] Iter:  100 overflow: 0.882 HPWL: 1702343
[NesterovSolve] Iter:  110 overflow: 0.882 HPWL: 1711946
[NesterovSolve] Iter:  120 overflow: 0.883 HPWL: 1724595
[NesterovSolve] Iter:  130 overflow: 0.881 HPWL: 1744609
[NesterovSolve] Iter:  140 overflow: 0.874 HPWL: 1769601
[NesterovSolve] Iter:  150 overflow: 0.865 HPWL: 1794157
[NesterovSolve] Iter:  160 overflow: 0.854 HPWL: 1824369
[NesterovSolve] Iter:  170 overflow: 0.827 HPWL: 1865909
[NesterovSolve] Iter:  180 overflow: 0.812 HPWL: 1947050
[NesterovSolve] Iter:  190 overflow: 0.783 HPWL: 2020408
[INFO GPL-0100] Timing-driven: executing resizer for reweighting nets.
[INFO GPL-0101] Timing-driven: worst slack 1e+30
[WARNING GPL-0102] Timing-driven: no slacks found. Timing-driven mode disabled.
[NesterovSolve] Iter:  200 overflow: 0.758 HPWL: 2115295
[NesterovSolve] Iter:  210 overflow: 0.726 HPWL: 2219646
[NesterovSolve] Iter:  220 overflow: 0.676 HPWL: 2348004
[NesterovSolve] Iter:  230 overflow: 0.650 HPWL: 2446221
[NesterovSolve] Iter:  240 overflow: 0.606 HPWL: 2607137
[NesterovSolve] Snapshot saved at iter = 241
[NesterovSolve] Iter:  250 overflow: 0.564 HPWL: 2708703
[NesterovSolve] Iter:  260 overflow: 0.524 HPWL: 2866094
[NesterovSolve] Iter:  270 overflow: 0.477 HPWL: 2983923
[NesterovSolve] Iter:  280 overflow: 0.417 HPWL: 3066048
[NesterovSolve] Iter:  290 overflow: 0.368 HPWL: 3151568
[NesterovSolve] Iter:  300 overflow: 0.320 HPWL: 3200229
[INFO GPL-0075] Routability numCall: 1 inflationIterCnt: 1 bloatIterCnt: 0
[INFO GPL-0036] TileBBox: (    0    0 ) ( 6900 6900 ) DBU
[INFO GPL-0038] TileCnt:      18   20
[INFO GPL-0040] NumTiles: 360
[INFO GPL-0081] TotalRouteOverflow: 0
[INFO GPL-0082] OverflowTileCnt: 0
[INFO GPL-0083] 0.5%RC: 0.6965224742889404
[INFO GPL-0084] 1.0%RC: 0.6707325577735901
[INFO GPL-0085] 2.0%RC: 0.6479864344000816
[INFO GPL-0086] 5.0%RC: 0.6243576043181949
[INFO GPL-0087] FinalRC: 0.6836275
[INFO GPL-0077] FinalRC lower than targetRC(1.01), routability not needed.
[NesterovSolve] Iter:  310 overflow: 0.274 HPWL: 3248749
[NesterovSolve] Iter:  320 overflow: 0.243 HPWL: 3307294
[NesterovSolve] Iter:  330 overflow: 0.217 HPWL: 3368376
[NesterovSolve] Iter:  340 overflow: 0.184 HPWL: 3412887
[NesterovSolve] Iter:  350 overflow: 0.157 HPWL: 3455879
[NesterovSolve] Iter:  360 overflow: 0.138 HPWL: 3495031
[NesterovSolve] Iter:  370 overflow: 0.117 HPWL: 3532800
[NesterovSolve] Finished with Overflow: 0.098096
[INFO] Setting RC values…
Setting global connections for newly added cells…
[INFO] Setting global connections...
AMUX2_3V matched with AMUX2_3V
Updating metrics…
Cell type report:                       Count       Area
  Fill cell                                86     322.81
  Tap cell                                202     252.74
  Inverter                                 61     228.97
  Sequential cell                          46    1208.66
  Multi-Input combinational cell          141    1375.07
  Total                                   536    3388.25
Writing OpenROAD database to '/home/chinmaya24163/MixedSignal_Task1/reproduction/design_mux/runs/RUN_2026-06-14_12-25-22/27-openroad-globalplacement/design_mux.odb'…
Writing netlist to '/home/chinmaya24163/MixedSignal_Task1/reproduction/design_mux/runs/RUN_2026-06-14_12-25-22/27-openroad-globalplacement/design_mux.nl.v'…
Writing powered netlist to '/home/chinmaya24163/MixedSignal_Task1/reproduction/design_mux/runs/RUN_2026-06-14_12-25-22/27-openroad-globalplacement/design_mux.pnl.v'…
Writing layout to '/home/chinmaya24163/MixedSignal_Task1/reproduction/design_mux/runs/RUN_2026-06-14_12-25-22/27-openroad-globalplacement/design_mux.def'…
Writing timing constraints to '/home/chinmaya24163/MixedSignal_Task1/reproduction/design_mux/runs/RUN_2026-06-14_12-25-22/27-openroad-globalplacement/design_mux.sdc'…
